{"numFailedTestSuites":0,"numFailedTests":0,"numPassedTestSuites":10,"numPassedTests":39,"numPendingTestSuites":0,"numPendingTests":0,"numRuntimeErrorTestSuites":0,"numTodoTests":0,"numTotalTestSuites":10,"numTotalTests":39,"openHandles":[],"snapshot":{"added":0,"didUpdate":false,"failure":false,"filesAdded":0,"filesRemoved":0,"filesRemovedList":[],"filesUnmatched":0,"filesUpdated":0,"matched":0,"total":0,"unchecked":0,"uncheckedKeysByFile":[],"unmatched":0,"updated":0},"startTime":1589376238892,"success":true,"testResults":[{"assertionResults":[{"ancestorTitles":[],"failureMessages":[],"fullName":"should set the correct states and return correct values from the selectors","location":null,"status":"passed","title":"should set the correct states and return correct values from the selectors"}],"endTime":1589376248729,"message":"","name":"/Users/henry/git/equinor/mad-project-ergonomics-web/src/store/version/versionReducer.spec.js","startTime":1589376242004,"status":"passed","summary":""},{"assertionResults":[{"ancestorTitles":["fetch changelog actions, reducers and selectors"],"failureMessages":[],"fullName":"fetch changelog actions, reducers and selectors should have the correct default state","location":null,"status":"passed","title":"should have the correct default state"},{"ancestorTitles":["fetch changelog actions, reducers and selectors"],"failureMessages":[],"fullName":"fetch changelog actions, reducers and selectors should set fetching to true when fetch changelog is requested and reset if it fails","location":null,"status":"passed","title":"should set fetching to true when fetch changelog is requested and reset if it fails"},{"ancestorTitles":["fetch changelog actions, reducers and selectors"],"failureMessages":[],"fullName":"fetch changelog actions, reducers and selectors should set the correct state and the selectors should return the correct values after fetch is successful","location":null,"status":"passed","title":"should set the correct state and the selectors should return the correct values after fetch is successful"}],"endTime":1589376248796,"message":"","name":"/Users/henry/git/equinor/mad-project-ergonomics-web/src/store/changelog/reducer.spec.js","startTime":1589376241940,"status":"passed","summary":""},{"assertionResults":[{"ancestorTitles":["Languages actions, reducers and selectors"],"failureMessages":[],"fullName":"Languages actions, reducers and selectors should fetch languages, update the fetching status accordingly and ultimately succeed","location":null,"status":"passed","title":"should fetch languages, update the fetching status accordingly and ultimately succeed"},{"ancestorTitles":["Languages actions, reducers and selectors"],"failureMessages":[],"fullName":"Languages actions, reducers and selectors should not alter the state of languages if a fetch fails, and the isFetching status should update accordingly","location":null,"status":"passed","title":"should not alter the state of languages if a fetch fails, and the isFetching status should update accordingly"},{"ancestorTitles":["Languages actions, reducers and selectors"],"failureMessages":[],"fullName":"Languages actions, reducers and selectors should set and retrieve the current language","location":null,"status":"passed","title":"should set and retrieve the current language"}],"endTime":1589376248798,"message":"","name":"/Users/henry/git/equinor/mad-project-ergonomics-web/src/store/languages/reducer.spec.js","startTime":1589376241941,"status":"passed","summary":""},{"assertionResults":[{"ancestorTitles":["Labels actions, reducers and selectors"],"failureMessages":[],"fullName":"Labels actions, reducers and selectors should fetch labels, changing the fetching status accordingly and ultimately succeed","location":null,"status":"passed","title":"should fetch labels, changing the fetching status accordingly and ultimately succeed"},{"ancestorTitles":["Labels actions, reducers and selectors"],"failureMessages":[],"fullName":"Labels actions, reducers and selectors should not alter the state of labels if a fetch fails, and the isFetching status should update accordingly","location":null,"status":"passed","title":"should not alter the state of labels if a fetch fails, and the isFetching status should update accordingly"}],"endTime":1589376248887,"message":"","name":"/Users/henry/git/equinor/mad-project-ergonomics-web/src/store/labels/reducer.spec.js","startTime":1589376242000,"status":"passed","summary":""},{"assertionResults":[{"ancestorTitles":[],"failureMessages":[],"fullName":"sets the correct auth statuses and user object","location":null,"status":"passed","title":"sets the correct auth statuses and user object"}],"endTime":1589376248895,"message":"","name":"/Users/henry/git/equinor/mad-project-ergonomics-web/src/store/auth/authReducer.spec.js","startTime":1589376241941,"status":"passed","summary":""},{"assertionResults":[{"ancestorTitles":["AppSettings actions, reducers and selectors"],"failureMessages":[],"fullName":"AppSettings actions, reducers and selectors can toggle the drawer","location":null,"status":"passed","title":"can toggle the drawer"},{"ancestorTitles":["AppSettings actions, reducers and selectors"],"failureMessages":[],"fullName":"AppSettings actions, reducers and selectors can navigate between Questions and Results","location":null,"status":"passed","title":"can navigate between Questions and Results"},{"ancestorTitles":["AppSettings actions, reducers and selectors"],"failureMessages":[],"fullName":"AppSettings actions, reducers and selectors can show and hide the modal-view in the results-tab","location":null,"status":"passed","title":"can show and hide the modal-view in the results-tab"},{"ancestorTitles":["AppSettings actions, reducers and selectors"],"failureMessages":[],"fullName":"AppSettings actions, reducers and selectors can show and hide the Measures-modal-view in the results-tab","location":null,"status":"passed","title":"can show and hide the Measures-modal-view in the results-tab"}],"endTime":1589376248950,"message":"","name":"/Users/henry/git/equinor/mad-project-ergonomics-web/src/store/appSettings/reducer.spec.js","startTime":1589376241948,"status":"passed","summary":""},{"assertionResults":[{"ancestorTitles":["Measures actions, reducers and selectors"],"failureMessages":[],"fullName":"Measures actions, reducers and selectors should fetch measures, changing the fetching status accordingly and ultimately succeed","location":null,"status":"passed","title":"should fetch measures, changing the fetching status accordingly and ultimately succeed"},{"ancestorTitles":["Measures actions, reducers and selectors"],"failureMessages":[],"fullName":"Measures actions, reducers and selectors should not alter the state of measures if a fetch fails, and the isFetching status should update accordingly","location":null,"status":"passed","title":"should not alter the state of measures if a fetch fails, and the isFetching status should update accordingly"}],"endTime":1589376249009,"message":"","name":"/Users/henry/git/equinor/mad-project-ergonomics-web/src/store/measures/reducer.spec.js","startTime":1589376242255,"status":"passed","summary":""},{"assertionResults":[{"ancestorTitles":["Combinations => actions, reducers and selectors"],"failureMessages":[],"fullName":"Combinations => actions, reducers and selectors can set combinations for a challenge","location":null,"status":"passed","title":"can set combinations for a challenge"},{"ancestorTitles":["Combinations => actions, reducers and selectors"],"failureMessages":[],"fullName":"Combinations => actions, reducers and selectors can select a combination","location":null,"status":"passed","title":"can select a combination"},{"ancestorTitles":["Combinations => actions, reducers and selectors"],"failureMessages":[],"fullName":"Combinations => actions, reducers and selectors can replace the selected combination ","location":null,"status":"passed","title":"can replace the selected combination "},{"ancestorTitles":["Combinations => actions, reducers and selectors"],"failureMessages":[],"fullName":"Combinations => actions, reducers and selectors can change text of selectedCombination","location":null,"status":"passed","title":"can change text of selectedCombination"}],"endTime":1589376249045,"message":"","name":"/Users/henry/git/equinor/mad-project-ergonomics-web/src/store/combinations/reducer.spec.js","startTime":1589376241943,"status":"passed","summary":""},{"assertionResults":[{"ancestorTitles":["Challenges actions, reducers and selectors"],"failureMessages":[],"fullName":"Challenges actions, reducers and selectors should fetch challenges, changing the fetching status accordingly and ultimately succeed","location":null,"status":"passed","title":"should fetch challenges, changing the fetching status accordingly and ultimately succeed"},{"ancestorTitles":["Challenges actions, reducers and selectors"],"failureMessages":[],"fullName":"Challenges actions, reducers and selectors should not alter the state of challenges if a fetch fails, and the getIsFetchingChallenges status should update accordingly","location":null,"status":"passed","title":"should not alter the state of challenges if a fetch fails, and the getIsFetchingChallenges status should update accordingly"},{"ancestorTitles":["Challenges actions, reducers and selectors"],"failureMessages":[],"fullName":"Challenges actions, reducers and selectors should select a challenge","location":null,"status":"passed","title":"should select a challenge"},{"ancestorTitles":["Challenges actions, reducers and selectors"],"failureMessages":[],"fullName":"Challenges actions, reducers and selectors Remembers what challenge is selected when fetching new challenges","location":null,"status":"passed","title":"Remembers what challenge is selected when fetching new challenges"},{"ancestorTitles":["Challenges actions, reducers and selectors"],"failureMessages":[],"fullName":"Challenges actions, reducers and selectors can reorder challenges","location":null,"status":"passed","title":"can reorder challenges"},{"ancestorTitles":["Challenges actions, reducers and selectors"],"failureMessages":[],"fullName":"Challenges actions, reducers and selectors can change title of challenge","location":null,"status":"passed","title":"can change title of challenge"},{"ancestorTitles":["Challenges actions, reducers and selectors"],"failureMessages":[],"fullName":"Challenges actions, reducers and selectors can add title of challenge when currentTranslation == null","location":null,"status":"passed","title":"can add title of challenge when currentTranslation == null"}],"endTime":1589376249184,"message":"","name":"/Users/henry/git/equinor/mad-project-ergonomics-web/src/store/challenges/reducer.spec.js","startTime":1589376242066,"status":"passed","summary":""},{"assertionResults":[{"ancestorTitles":["Questions actions, reducers and selectors"],"failureMessages":[],"fullName":"Questions actions, reducers and selectors should fetch questions, changing the fetching status accordingly and ultimately succeed","location":null,"status":"passed","title":"should fetch questions, changing the fetching status accordingly and ultimately succeed"},{"ancestorTitles":["Questions actions, reducers and selectors"],"failureMessages":[],"fullName":"Questions actions, reducers and selectors knows when all questions have an answer selected","location":null,"status":"passed","title":"knows when all questions have an answer selected"},{"ancestorTitles":["Questions actions, reducers and selectors"],"failureMessages":[],"fullName":"Questions actions, reducers and selectors selects one answer and deselects all the other ones","location":null,"status":"passed","title":"selects one answer and deselects all the other ones"},{"ancestorTitles":["Questions actions, reducers and selectors"],"failureMessages":[],"fullName":"Questions actions, reducers and selectors changes current image when selecting an alternative","location":null,"status":"passed","title":"changes current image when selecting an alternative"},{"ancestorTitles":["Questions actions, reducers and selectors"],"failureMessages":[],"fullName":"Questions actions, reducers and selectors can select missing answers","location":null,"status":"passed","title":"can select missing answers"},{"ancestorTitles":["Questions actions, reducers and selectors"],"failureMessages":[],"fullName":"Questions actions, reducers and selectors can select an array of answerIds","location":null,"status":"passed","title":"can select an array of answerIds"},{"ancestorTitles":["Questions actions, reducers and selectors"],"failureMessages":[],"fullName":"Questions actions, reducers and selectors can update a question text","location":null,"status":"passed","title":"can update a question text"},{"ancestorTitles":["Questions actions, reducers and selectors"],"failureMessages":[],"fullName":"Questions actions, reducers and selectors can update answer text","location":null,"status":"passed","title":"can update answer text"},{"ancestorTitles":["Questions actions, reducers and selectors"],"failureMessages":[],"fullName":"Questions actions, reducers and selectors can remove a question","location":null,"status":"passed","title":"can remove a question"},{"ancestorTitles":["Questions actions, reducers and selectors"],"failureMessages":[],"fullName":"Questions actions, reducers and selectors can add a new question","location":null,"status":"passed","title":"can add a new question"},{"ancestorTitles":["Questions actions, reducers and selectors"],"failureMessages":[],"fullName":"Questions actions, reducers and selectors can reorder a question","location":null,"status":"passed","title":"can reorder a question"},{"ancestorTitles":["Questions actions, reducers and selectors"],"failureMessages":[],"fullName":"Questions actions, reducers and selectors can reorder answers","location":null,"status":"passed","title":"can reorder answers"}],"endTime":1589376249399,"message":"","name":"/Users/henry/git/equinor/mad-project-ergonomics-web/src/store/questions/reducer.spec.js","startTime":1589376241970,"status":"passed","summary":""}],"wasInterrupted":false}