{"numFailedTestSuites":0,"numFailedTests":0,"numPassedTestSuites":10,"numPassedTests":39,"numPendingTestSuites":0,"numPendingTests":0,"numRuntimeErrorTestSuites":0,"numTodoTests":0,"numTotalTestSuites":10,"numTotalTests":39,"openHandles":[],"snapshot":{"added":0,"didUpdate":false,"failure":false,"filesAdded":0,"filesRemoved":0,"filesRemovedList":[],"filesUnmatched":0,"filesUpdated":0,"matched":0,"total":0,"unchecked":0,"uncheckedKeysByFile":[],"unmatched":0,"updated":0},"startTime":1582701094745,"success":true,"testResults":[{"assertionResults":[{"ancestorTitles":["Languages actions, reducers and selectors"],"failureMessages":[],"fullName":"Languages actions, reducers and selectors should fetch languages, update the fetching status accordingly and ultimately succeed","location":null,"status":"passed","title":"should fetch languages, update the fetching status accordingly and ultimately succeed"},{"ancestorTitles":["Languages actions, reducers and selectors"],"failureMessages":[],"fullName":"Languages actions, reducers and selectors should not alter the state of languages if a fetch fails, and the isFetching status should update accordingly","location":null,"status":"passed","title":"should not alter the state of languages if a fetch fails, and the isFetching status should update accordingly"},{"ancestorTitles":["Languages actions, reducers and selectors"],"failureMessages":[],"fullName":"Languages actions, reducers and selectors should set and retrieve the current language","location":null,"status":"passed","title":"should set and retrieve the current language"}],"endTime":1582701099454,"message":"","name":"/Users/henry/git/equinor/mad-project-ergonomics-web/src/store/languages/reducer.spec.js","startTime":1582701096329,"status":"passed","summary":""},{"assertionResults":[{"ancestorTitles":[],"failureMessages":[],"fullName":"should set the correct states and return correct values from the selectors","location":null,"status":"passed","title":"should set the correct states and return correct values from the selectors"}],"endTime":1582701099455,"message":"","name":"/Users/henry/git/equinor/mad-project-ergonomics-web/src/store/version/versionReducer.spec.js","startTime":1582701096397,"status":"passed","summary":""},{"assertionResults":[{"ancestorTitles":[],"failureMessages":[],"fullName":"sets the correct auth statuses and user object","location":null,"status":"passed","title":"sets the correct auth statuses and user object"}],"endTime":1582701099501,"message":"","name":"/Users/henry/git/equinor/mad-project-ergonomics-web/src/store/auth/authReducer.spec.js","startTime":1582701096429,"status":"passed","summary":""},{"assertionResults":[{"ancestorTitles":["Measures actions, reducers and selectors"],"failureMessages":[],"fullName":"Measures actions, reducers and selectors should fetch measures, changing the fetching status accordingly and ultimately succeed","location":null,"status":"passed","title":"should fetch measures, changing the fetching status accordingly and ultimately succeed"},{"ancestorTitles":["Measures actions, reducers and selectors"],"failureMessages":[],"fullName":"Measures actions, reducers and selectors should not alter the state of measures if a fetch fails, and the isFetching status should update accordingly","location":null,"status":"passed","title":"should not alter the state of measures if a fetch fails, and the isFetching status should update accordingly"}],"endTime":1582701099576,"message":"","name":"/Users/henry/git/equinor/mad-project-ergonomics-web/src/store/measures/reducer.spec.js","startTime":1582701096266,"status":"passed","summary":""},{"assertionResults":[{"ancestorTitles":["fetch changelog actions, reducers and selectors"],"failureMessages":[],"fullName":"fetch changelog actions, reducers and selectors should have the correct default state","location":null,"status":"passed","title":"should have the correct default state"},{"ancestorTitles":["fetch changelog actions, reducers and selectors"],"failureMessages":[],"fullName":"fetch changelog actions, reducers and selectors should set fetching to true when fetch changelog is requested and reset if it fails","location":null,"status":"passed","title":"should set fetching to true when fetch changelog is requested and reset if it fails"},{"ancestorTitles":["fetch changelog actions, reducers and selectors"],"failureMessages":[],"fullName":"fetch changelog actions, reducers and selectors should set the correct state and the selectors should return the correct values after fetch is successful","location":null,"status":"passed","title":"should set the correct state and the selectors should return the correct values after fetch is successful"}],"endTime":1582701099591,"message":"","name":"/Users/henry/git/equinor/mad-project-ergonomics-web/src/store/changelog/reducer.spec.js","startTime":1582701096303,"status":"passed","summary":""},{"assertionResults":[{"ancestorTitles":["AppSettings actions, reducers and selectors"],"failureMessages":[],"fullName":"AppSettings actions, reducers and selectors can toggle the drawer","location":null,"status":"passed","title":"can toggle the drawer"},{"ancestorTitles":["AppSettings actions, reducers and selectors"],"failureMessages":[],"fullName":"AppSettings actions, reducers and selectors can navigate between Questions and Results","location":null,"status":"passed","title":"can navigate between Questions and Results"},{"ancestorTitles":["AppSettings actions, reducers and selectors"],"failureMessages":[],"fullName":"AppSettings actions, reducers and selectors can show and hide the modal-view in the results-tab","location":null,"status":"passed","title":"can show and hide the modal-view in the results-tab"},{"ancestorTitles":["AppSettings actions, reducers and selectors"],"failureMessages":[],"fullName":"AppSettings actions, reducers and selectors can show and hide the Measures-modal-view in the results-tab","location":null,"status":"passed","title":"can show and hide the Measures-modal-view in the results-tab"}],"endTime":1582701099598,"message":"","name":"/Users/henry/git/equinor/mad-project-ergonomics-web/src/store/appSettings/reducer.spec.js","startTime":1582701096644,"status":"passed","summary":""},{"assertionResults":[{"ancestorTitles":["Labels actions, reducers and selectors"],"failureMessages":[],"fullName":"Labels actions, reducers and selectors should fetch labels, changing the fetching status accordingly and ultimately succeed","location":null,"status":"passed","title":"should fetch labels, changing the fetching status accordingly and ultimately succeed"},{"ancestorTitles":["Labels actions, reducers and selectors"],"failureMessages":[],"fullName":"Labels actions, reducers and selectors should not alter the state of labels if a fetch fails, and the isFetching status should update accordingly","location":null,"status":"passed","title":"should not alter the state of labels if a fetch fails, and the isFetching status should update accordingly"}],"endTime":1582701099599,"message":"","name":"/Users/henry/git/equinor/mad-project-ergonomics-web/src/store/labels/reducer.spec.js","startTime":1582701096509,"status":"passed","summary":""},{"assertionResults":[{"ancestorTitles":["Combinations => actions, reducers and selectors"],"failureMessages":[],"fullName":"Combinations => actions, reducers and selectors can set combinations for a challenge","location":null,"status":"passed","title":"can set combinations for a challenge"},{"ancestorTitles":["Combinations => actions, reducers and selectors"],"failureMessages":[],"fullName":"Combinations => actions, reducers and selectors can select a combination","location":null,"status":"passed","title":"can select a combination"},{"ancestorTitles":["Combinations => actions, reducers and selectors"],"failureMessages":[],"fullName":"Combinations => actions, reducers and selectors can replace the selected combination ","location":null,"status":"passed","title":"can replace the selected combination "},{"ancestorTitles":["Combinations => actions, reducers and selectors"],"failureMessages":[],"fullName":"Combinations => actions, reducers and selectors can change text of selectedCombination","location":null,"status":"passed","title":"can change text of selectedCombination"}],"endTime":1582701099621,"message":"","name":"/Users/henry/git/equinor/mad-project-ergonomics-web/src/store/combinations/reducer.spec.js","startTime":1582701096249,"status":"passed","summary":""},{"assertionResults":[{"ancestorTitles":["Questions actions, reducers and selectors"],"failureMessages":[],"fullName":"Questions actions, reducers and selectors should fetch questions, changing the fetching status accordingly and ultimately succeed","location":null,"status":"passed","title":"should fetch questions, changing the fetching status accordingly and ultimately succeed"},{"ancestorTitles":["Questions actions, reducers and selectors"],"failureMessages":[],"fullName":"Questions actions, reducers and selectors knows when all questions have an answer selected","location":null,"status":"passed","title":"knows when all questions have an answer selected"},{"ancestorTitles":["Questions actions, reducers and selectors"],"failureMessages":[],"fullName":"Questions actions, reducers and selectors selects one answer and deselects all the other ones","location":null,"status":"passed","title":"selects one answer and deselects all the other ones"},{"ancestorTitles":["Questions actions, reducers and selectors"],"failureMessages":[],"fullName":"Questions actions, reducers and selectors changes current image when selecting an alternative","location":null,"status":"passed","title":"changes current image when selecting an alternative"},{"ancestorTitles":["Questions actions, reducers and selectors"],"failureMessages":[],"fullName":"Questions actions, reducers and selectors can select missing answers","location":null,"status":"passed","title":"can select missing answers"},{"ancestorTitles":["Questions actions, reducers and selectors"],"failureMessages":[],"fullName":"Questions actions, reducers and selectors can select an array of answerIds","location":null,"status":"passed","title":"can select an array of answerIds"},{"ancestorTitles":["Questions actions, reducers and selectors"],"failureMessages":[],"fullName":"Questions actions, reducers and selectors can update a question text","location":null,"status":"passed","title":"can update a question text"},{"ancestorTitles":["Questions actions, reducers and selectors"],"failureMessages":[],"fullName":"Questions actions, reducers and selectors can update answer text","location":null,"status":"passed","title":"can update answer text"},{"ancestorTitles":["Questions actions, reducers and selectors"],"failureMessages":[],"fullName":"Questions actions, reducers and selectors can remove a question","location":null,"status":"passed","title":"can remove a question"},{"ancestorTitles":["Questions actions, reducers and selectors"],"failureMessages":[],"fullName":"Questions actions, reducers and selectors can add a new question","location":null,"status":"passed","title":"can add a new question"},{"ancestorTitles":["Questions actions, reducers and selectors"],"failureMessages":[],"fullName":"Questions actions, reducers and selectors can reorder a question","location":null,"status":"passed","title":"can reorder a question"},{"ancestorTitles":["Questions actions, reducers and selectors"],"failureMessages":[],"fullName":"Questions actions, reducers and selectors can reorder answers","location":null,"status":"passed","title":"can reorder answers"}],"endTime":1582701099616,"message":"","name":"/Users/henry/git/equinor/mad-project-ergonomics-web/src/store/questions/reducer.spec.js","startTime":1582701096235,"status":"passed","summary":""},{"assertionResults":[{"ancestorTitles":["Challenges actions, reducers and selectors"],"failureMessages":[],"fullName":"Challenges actions, reducers and selectors should fetch challenges, changing the fetching status accordingly and ultimately succeed","location":null,"status":"passed","title":"should fetch challenges, changing the fetching status accordingly and ultimately succeed"},{"ancestorTitles":["Challenges actions, reducers and selectors"],"failureMessages":[],"fullName":"Challenges actions, reducers and selectors should not alter the state of challenges if a fetch fails, and the getIsFetchingChallenges status should update accordingly","location":null,"status":"passed","title":"should not alter the state of challenges if a fetch fails, and the getIsFetchingChallenges status should update accordingly"},{"ancestorTitles":["Challenges actions, reducers and selectors"],"failureMessages":[],"fullName":"Challenges actions, reducers and selectors should select a challenge","location":null,"status":"passed","title":"should select a challenge"},{"ancestorTitles":["Challenges actions, reducers and selectors"],"failureMessages":[],"fullName":"Challenges actions, reducers and selectors Remembers what challenge is selected when fetching new challenges","location":null,"status":"passed","title":"Remembers what challenge is selected when fetching new challenges"},{"ancestorTitles":["Challenges actions, reducers and selectors"],"failureMessages":[],"fullName":"Challenges actions, reducers and selectors can reorder challenges","location":null,"status":"passed","title":"can reorder challenges"},{"ancestorTitles":["Challenges actions, reducers and selectors"],"failureMessages":[],"fullName":"Challenges actions, reducers and selectors can change title of challenge","location":null,"status":"passed","title":"can change title of challenge"},{"ancestorTitles":["Challenges actions, reducers and selectors"],"failureMessages":[],"fullName":"Challenges actions, reducers and selectors can add title of challenge when currentTranslation == null","location":null,"status":"passed","title":"can add title of challenge when currentTranslation == null"}],"endTime":1582701099734,"message":"","name":"/Users/henry/git/equinor/mad-project-ergonomics-web/src/store/challenges/reducer.spec.js","startTime":1582701096486,"status":"passed","summary":""}],"wasInterrupted":false,"coverageMap":{"/Users/henry/git/equinor/mad-project-ergonomics-web/src/store/languages/actions.js":{"path":"/Users/henry/git/equinor/mad-project-ergonomics-web/src/store/languages/actions.js","statementMap":{"0":{"start":{"line":4,"column":30},"end":{"line":4,"column":59}},"1":{"start":{"line":5,"column":39},"end":{"line":5,"column":78}},"2":{"start":{"line":6,"column":39},"end":{"line":6,"column":78}},"3":{"start":{"line":7,"column":36},"end":{"line":7,"column":72}},"4":{"start":{"line":9,"column":27},"end":{"line":9,"column":55}},"5":{"start":{"line":10,"column":36},"end":{"line":10,"column":72}},"6":{"start":{"line":11,"column":33},"end":{"line":11,"column":66}}},"fnMap":{},"branchMap":{},"s":{"0":1,"1":1,"2":1,"3":1,"4":1,"5":1,"6":1},"f":{},"b":{},"_coverageSchema":"43e27e138ebf9cfc5966b082cf9a028302ed4184","hash":"2c0d3c759f17e4ec56cc520c9d6ee67e92d195e3"},"/Users/henry/git/equinor/mad-project-ergonomics-web/src/types/index.js":{"path":"/Users/henry/git/equinor/mad-project-ergonomics-web/src/types/index.js","statementMap":{"0":{"start":{"line":1,"column":31},"end":{"line":7,"column":1}},"1":{"start":{"line":9,"column":25},"end":{"line":14,"column":1}},"2":{"start":{"line":16,"column":28},"end":{"line":21,"column":1}},"3":{"start":{"line":23,"column":25},"end":{"line":38,"column":1}},"4":{"start":{"line":40,"column":29},"end":{"line":44,"column":1}}},"fnMap":{},"branchMap":{},"s":{"0":10,"1":10,"2":10,"3":10,"4":10},"f":{},"b":{},"_coverageSchema":"43e27e138ebf9cfc5966b082cf9a028302ed4184","hash":"ae35e21dd9197c3196726b9dedcbf93a2bad6c34"},"/Users/henry/git/equinor/mad-project-ergonomics-web/src/store/languages/reducer.js":{"path":"/Users/henry/git/equinor/mad-project-ergonomics-web/src/store/languages/reducer.js","statementMap":{"0":{"start":{"line":7,"column":49},"end":{"line":10,"column":5}},"1":{"start":{"line":11,"column":59},"end":{"line":15,"column":5}},"2":{"start":{"line":16,"column":46},"end":{"line":19,"column":5}},"3":{"start":{"line":20,"column":56},"end":{"line":24,"column":5}},"4":{"start":{"line":38,"column":28},"end":{"line":38,"column":73}},"5":{"start":{"line":38,"column":37},"end":{"line":38,"column":73}},"6":{"start":{"line":40,"column":26},"end":{"line":40,"column":72}},"7":{"start":{"line":40,"column":35},"end":{"line":40,"column":72}},"8":{"start":{"line":42,"column":34},"end":{"line":42,"column":85}},"9":{"start":{"line":42,"column":43},"end":{"line":42,"column":85}}},"fnMap":{"0":{"name":"(anonymous_0)","decl":{"start":{"line":7,"column":39},"end":{"line":7,"column":40}},"loc":{"start":{"line":7,"column":49},"end":{"line":10,"column":5}},"line":7},"1":{"name":"(anonymous_1)","decl":{"start":{"line":11,"column":39},"end":{"line":11,"column":40}},"loc":{"start":{"line":11,"column":59},"end":{"line":15,"column":5}},"line":11},"2":{"name":"(anonymous_2)","decl":{"start":{"line":16,"column":36},"end":{"line":16,"column":37}},"loc":{"start":{"line":16,"column":46},"end":{"line":19,"column":5}},"line":16},"3":{"name":"(anonymous_3)","decl":{"start":{"line":20,"column":36},"end":{"line":20,"column":37}},"loc":{"start":{"line":20,"column":56},"end":{"line":24,"column":5}},"line":20},"4":{"name":"(anonymous_4)","decl":{"start":{"line":38,"column":28},"end":{"line":38,"column":29}},"loc":{"start":{"line":38,"column":37},"end":{"line":38,"column":73}},"line":38},"5":{"name":"(anonymous_5)","decl":{"start":{"line":40,"column":26},"end":{"line":40,"column":27}},"loc":{"start":{"line":40,"column":35},"end":{"line":40,"column":72}},"line":40},"6":{"name":"(anonymous_6)","decl":{"start":{"line":42,"column":34},"end":{"line":42,"column":35}},"loc":{"start":{"line":42,"column":43},"end":{"line":42,"column":85}},"line":42}},"branchMap":{},"s":{"0":2,"1":2,"2":1,"3":3,"4":1,"5":2,"6":1,"7":5,"8":1,"9":3},"f":{"0":2,"1":2,"2":1,"3":3,"4":2,"5":5,"6":3},"b":{},"_coverageSchema":"43e27e138ebf9cfc5966b082cf9a028302ed4184","hash":"23f15cf796bfd222f3e6f12dc016beed870ad0c0"},"/Users/henry/git/equinor/mad-project-ergonomics-web/src/store/version/versionReducer.js":{"path":"/Users/henry/git/equinor/mad-project-ergonomics-web/src/store/version/versionReducer.js","statementMap":{"0":{"start":{"line":9,"column":36},"end":{"line":11,"column":3}},"1":{"start":{"line":12,"column":25},"end":{"line":14,"column":3}}},"fnMap":{"0":{"name":"(anonymous_0)","decl":{"start":{"line":9,"column":16},"end":{"line":9,"column":17}},"loc":{"start":{"line":9,"column":36},"end":{"line":11,"column":3}},"line":9},"1":{"name":"(anonymous_1)","decl":{"start":{"line":12,"column":18},"end":{"line":12,"column":19}},"loc":{"start":{"line":12,"column":25},"end":{"line":14,"column":3}},"line":12}},"branchMap":{},"s":{"0":2,"1":1},"f":{"0":2,"1":1},"b":{},"_coverageSchema":"43e27e138ebf9cfc5966b082cf9a028302ed4184","hash":"dd865f1456523a517bd294623c2cc249bf56e065"},"/Users/henry/git/equinor/mad-project-ergonomics-web/src/store/version/versionActions.js":{"path":"/Users/henry/git/equinor/mad-project-ergonomics-web/src/store/version/versionActions.js","statementMap":{"0":{"start":{"line":3,"column":28},"end":{"line":3,"column":61}},"1":{"start":{"line":4,"column":26},"end":{"line":4,"column":53}}},"fnMap":{},"branchMap":{},"s":{"0":1,"1":1},"f":{},"b":{},"_coverageSchema":"43e27e138ebf9cfc5966b082cf9a028302ed4184","hash":"980ad80bbf639791b56bb40777f7c12e63a1d783"},"/Users/henry/git/equinor/mad-project-ergonomics-web/src/store/selectors.js":{"path":"/Users/henry/git/equinor/mad-project-ergonomics-web/src/store/selectors.js","statementMap":{},"fnMap":{},"branchMap":{},"s":{},"f":{},"b":{},"_coverageSchema":"43e27e138ebf9cfc5966b082cf9a028302ed4184","hash":"d85e5a849f6a14d538dbf3fef5e77f03e440a581"},"/Users/henry/git/equinor/mad-project-ergonomics-web/src/store/auth/authSelector.js":{"path":"/Users/henry/git/equinor/mad-project-ergonomics-web/src/store/auth/authSelector.js","statementMap":{"0":{"start":{"line":3,"column":21},"end":{"line":3,"column":51}},"1":{"start":{"line":3,"column":30},"end":{"line":3,"column":51}},"2":{"start":{"line":5,"column":23},"end":{"line":5,"column":56}},"3":{"start":{"line":5,"column":32},"end":{"line":5,"column":56}},"4":{"start":{"line":6,"column":30},"end":{"line":6,"column":68}},"5":{"start":{"line":6,"column":39},"end":{"line":6,"column":68}},"6":{"start":{"line":7,"column":29},"end":{"line":7,"column":73}},"7":{"start":{"line":7,"column":38},"end":{"line":7,"column":73}}},"fnMap":{"0":{"name":"(anonymous_0)","decl":{"start":{"line":3,"column":21},"end":{"line":3,"column":22}},"loc":{"start":{"line":3,"column":30},"end":{"line":3,"column":51}},"line":3},"1":{"name":"(anonymous_1)","decl":{"start":{"line":5,"column":23},"end":{"line":5,"column":24}},"loc":{"start":{"line":5,"column":32},"end":{"line":5,"column":56}},"line":5},"2":{"name":"(anonymous_2)","decl":{"start":{"line":6,"column":30},"end":{"line":6,"column":31}},"loc":{"start":{"line":6,"column":39},"end":{"line":6,"column":68}},"line":6},"3":{"name":"(anonymous_3)","decl":{"start":{"line":7,"column":29},"end":{"line":7,"column":30}},"loc":{"start":{"line":7,"column":38},"end":{"line":7,"column":73}},"line":7}},"branchMap":{},"s":{"0":3,"1":7,"2":3,"3":0,"4":3,"5":2,"6":3,"7":5},"f":{"0":7,"1":0,"2":2,"3":5},"b":{},"_coverageSchema":"43e27e138ebf9cfc5966b082cf9a028302ed4184","hash":"0e617d5808292a140608aa7baea8732a537b31b6"},"/Users/henry/git/equinor/mad-project-ergonomics-web/src/store/changelog/changelogSelector.js":{"path":"/Users/henry/git/equinor/mad-project-ergonomics-web/src/store/changelog/changelogSelector.js","statementMap":{"0":{"start":{"line":3,"column":31},"end":{"line":5,"column":1}},"1":{"start":{"line":4,"column":2},"end":{"line":4,"column":36}},"2":{"start":{"line":7,"column":26},"end":{"line":9,"column":1}},"3":{"start":{"line":8,"column":2},"end":{"line":8,"column":37}}},"fnMap":{"0":{"name":"(anonymous_0)","decl":{"start":{"line":3,"column":31},"end":{"line":3,"column":32}},"loc":{"start":{"line":4,"column":2},"end":{"line":4,"column":36}},"line":4},"1":{"name":"(anonymous_1)","decl":{"start":{"line":7,"column":26},"end":{"line":7,"column":27}},"loc":{"start":{"line":8,"column":2},"end":{"line":8,"column":37}},"line":8}},"branchMap":{},"s":{"0":3,"1":3,"2":3,"3":3},"f":{"0":3,"1":3},"b":{},"_coverageSchema":"43e27e138ebf9cfc5966b082cf9a028302ed4184","hash":"5ea29d61edbe196e3ebc05a3e3bc376557a26af1"},"/Users/henry/git/equinor/mad-project-ergonomics-web/src/store/version/versionSelector.js":{"path":"/Users/henry/git/equinor/mad-project-ergonomics-web/src/store/version/versionSelector.js","statementMap":{"0":{"start":{"line":3,"column":26},"end":{"line":3,"column":67}},"1":{"start":{"line":3,"column":35},"end":{"line":3,"column":67}}},"fnMap":{"0":{"name":"(anonymous_0)","decl":{"start":{"line":3,"column":26},"end":{"line":3,"column":27}},"loc":{"start":{"line":3,"column":35},"end":{"line":3,"column":67}},"line":3}},"branchMap":{},"s":{"0":3,"1":3},"f":{"0":3},"b":{},"_coverageSchema":"43e27e138ebf9cfc5966b082cf9a028302ed4184","hash":"f291d660836b732aeac0391b82d1239d37bc52ff"},"/Users/henry/git/equinor/mad-project-ergonomics-web/src/store/auth/authReducer.js":{"path":"/Users/henry/git/equinor/mad-project-ergonomics-web/src/store/auth/authReducer.js","statementMap":{"0":{"start":{"line":5,"column":21},"end":{"line":11,"column":1}},"1":{"start":{"line":14,"column":38},"end":{"line":21,"column":3}},"2":{"start":{"line":22,"column":48},"end":{"line":29,"column":3}},"3":{"start":{"line":30,"column":35},"end":{"line":37,"column":3}},"4":{"start":{"line":39,"column":34},"end":{"line":46,"column":3}}},"fnMap":{"0":{"name":"(anonymous_0)","decl":{"start":{"line":14,"column":28},"end":{"line":14,"column":29}},"loc":{"start":{"line":14,"column":38},"end":{"line":21,"column":3}},"line":14},"1":{"name":"(anonymous_1)","decl":{"start":{"line":22,"column":28},"end":{"line":22,"column":29}},"loc":{"start":{"line":22,"column":48},"end":{"line":29,"column":3}},"line":22},"2":{"name":"(anonymous_2)","decl":{"start":{"line":30,"column":25},"end":{"line":30,"column":26}},"loc":{"start":{"line":30,"column":35},"end":{"line":37,"column":3}},"line":30},"3":{"name":"(anonymous_3)","decl":{"start":{"line":39,"column":24},"end":{"line":39,"column":25}},"loc":{"start":{"line":39,"column":34},"end":{"line":46,"column":3}},"line":39}},"branchMap":{},"s":{"0":1,"1":2,"2":1,"3":1,"4":1},"f":{"0":2,"1":1,"2":1,"3":1},"b":{},"_coverageSchema":"43e27e138ebf9cfc5966b082cf9a028302ed4184","hash":"035fec2453ede4ddb74d5c25a212ac48753e3dd9"},"/Users/henry/git/equinor/mad-project-ergonomics-web/src/store/auth/authActions.js":{"path":"/Users/henry/git/equinor/mad-project-ergonomics-web/src/store/auth/authActions.js","statementMap":{"0":{"start":{"line":7,"column":30},"end":{"line":7,"column":62}},"1":{"start":{"line":12,"column":21},"end":{"line":12,"column":47}},"2":{"start":{"line":13,"column":30},"end":{"line":13,"column":66}},"3":{"start":{"line":14,"column":30},"end":{"line":20,"column":3}},"4":{"start":{"line":14,"column":76},"end":{"line":20,"column":1}},"5":{"start":{"line":21,"column":27},"end":{"line":21,"column":60}},"6":{"start":{"line":22,"column":28},"end":{"line":22,"column":58}},"7":{"start":{"line":23,"column":26},"end":{"line":23,"column":58}}},"fnMap":{"0":{"name":"(anonymous_0)","decl":{"start":{"line":14,"column":67},"end":{"line":14,"column":68}},"loc":{"start":{"line":14,"column":76},"end":{"line":20,"column":1}},"line":14}},"branchMap":{},"s":{"0":1,"1":1,"2":1,"3":1,"4":1,"5":1,"6":1,"7":1},"f":{"0":1},"b":{},"_coverageSchema":"43e27e138ebf9cfc5966b082cf9a028302ed4184","hash":"08c37991be9bdc75ff6c3c65143469c0647ad7b7"},"/Users/henry/git/equinor/mad-project-ergonomics-web/src/store/measures/actions.js":{"path":"/Users/henry/git/equinor/mad-project-ergonomics-web/src/store/measures/actions.js","statementMap":{"0":{"start":{"line":3,"column":29},"end":{"line":3,"column":57}},"1":{"start":{"line":4,"column":38},"end":{"line":4,"column":76}},"2":{"start":{"line":5,"column":38},"end":{"line":5,"column":76}},"3":{"start":{"line":6,"column":35},"end":{"line":6,"column":70}}},"fnMap":{},"branchMap":{},"s":{"0":1,"1":1,"2":1,"3":1},"f":{},"b":{},"_coverageSchema":"43e27e138ebf9cfc5966b082cf9a028302ed4184","hash":"37e45782494bd19ba45e74ffa9f219da5d572b73"},"/Users/henry/git/equinor/mad-project-ergonomics-web/src/store/measures/reducer.js":{"path":"/Users/henry/git/equinor/mad-project-ergonomics-web/src/store/measures/reducer.js","statementMap":{"0":{"start":{"line":7,"column":48},"end":{"line":10,"column":5}},"1":{"start":{"line":11,"column":58},"end":{"line":15,"column":5}},"2":{"start":{"line":16,"column":45},"end":{"line":19,"column":5}},"3":{"start":{"line":27,"column":27},"end":{"line":27,"column":70}},"4":{"start":{"line":27,"column":36},"end":{"line":27,"column":70}},"5":{"start":{"line":29,"column":37},"end":{"line":29,"column":82}},"6":{"start":{"line":29,"column":46},"end":{"line":29,"column":82}}},"fnMap":{"0":{"name":"(anonymous_0)","decl":{"start":{"line":7,"column":38},"end":{"line":7,"column":39}},"loc":{"start":{"line":7,"column":48},"end":{"line":10,"column":5}},"line":7},"1":{"name":"(anonymous_1)","decl":{"start":{"line":11,"column":38},"end":{"line":11,"column":39}},"loc":{"start":{"line":11,"column":58},"end":{"line":15,"column":5}},"line":11},"2":{"name":"(anonymous_2)","decl":{"start":{"line":16,"column":35},"end":{"line":16,"column":36}},"loc":{"start":{"line":16,"column":45},"end":{"line":19,"column":5}},"line":16},"3":{"name":"(anonymous_3)","decl":{"start":{"line":27,"column":27},"end":{"line":27,"column":28}},"loc":{"start":{"line":27,"column":36},"end":{"line":27,"column":70}},"line":27},"4":{"name":"(anonymous_4)","decl":{"start":{"line":29,"column":37},"end":{"line":29,"column":38}},"loc":{"start":{"line":29,"column":46},"end":{"line":29,"column":82}},"line":29}},"branchMap":{},"s":{"0":2,"1":2,"2":1,"3":1,"4":2,"5":1,"6":5},"f":{"0":2,"1":2,"2":1,"3":2,"4":5},"b":{},"_coverageSchema":"43e27e138ebf9cfc5966b082cf9a028302ed4184","hash":"e3b5719172c2793dd773020860577cf164a9d572"},"/Users/henry/git/equinor/mad-project-ergonomics-web/src/store/changelog/changelogReducer.js":{"path":"/Users/henry/git/equinor/mad-project-ergonomics-web/src/store/changelog/changelogReducer.js","statementMap":{"0":{"start":{"line":10,"column":39},"end":{"line":14,"column":3}},"1":{"start":{"line":15,"column":49},"end":{"line":19,"column":3}},"2":{"start":{"line":20,"column":36},"end":{"line":23,"column":3}}},"fnMap":{"0":{"name":"(anonymous_0)","decl":{"start":{"line":10,"column":29},"end":{"line":10,"column":30}},"loc":{"start":{"line":10,"column":39},"end":{"line":14,"column":3}},"line":10},"1":{"name":"(anonymous_1)","decl":{"start":{"line":15,"column":29},"end":{"line":15,"column":30}},"loc":{"start":{"line":15,"column":49},"end":{"line":19,"column":3}},"line":15},"2":{"name":"(anonymous_2)","decl":{"start":{"line":20,"column":26},"end":{"line":20,"column":27}},"loc":{"start":{"line":20,"column":36},"end":{"line":23,"column":3}},"line":20}},"branchMap":{},"s":{"0":2,"1":1,"2":1},"f":{"0":2,"1":1,"2":1},"b":{},"_coverageSchema":"43e27e138ebf9cfc5966b082cf9a028302ed4184","hash":"23ed3abcdf84f07eb6286ded5528dfee507955c1"},"/Users/henry/git/equinor/mad-project-ergonomics-web/src/store/changelog/changelogActions.js":{"path":"/Users/henry/git/equinor/mad-project-ergonomics-web/src/store/changelog/changelogActions.js","statementMap":{"0":{"start":{"line":3,"column":30},"end":{"line":3,"column":61}},"1":{"start":{"line":4,"column":39},"end":{"line":4,"column":80}},"2":{"start":{"line":5,"column":39},"end":{"line":5,"column":80}},"3":{"start":{"line":6,"column":36},"end":{"line":6,"column":74}}},"fnMap":{},"branchMap":{},"s":{"0":1,"1":1,"2":1,"3":1},"f":{},"b":{},"_coverageSchema":"43e27e138ebf9cfc5966b082cf9a028302ed4184","hash":"40d0f2ae0a7a28d063fbd69fff0f31ed4eeb622b"},"/Users/henry/git/equinor/mad-project-ergonomics-web/src/store/appSettings/reducer.js":{"path":"/Users/henry/git/equinor/mad-project-ergonomics-web/src/store/appSettings/reducer.js","statementMap":{"0":{"start":{"line":7,"column":38},"end":{"line":10,"column":5}},"1":{"start":{"line":11,"column":48},"end":{"line":14,"column":5}},"2":{"start":{"line":15,"column":44},"end":{"line":18,"column":5}},"3":{"start":{"line":19,"column":44},"end":{"line":22,"column":5}},"4":{"start":{"line":23,"column":45},"end":{"line":26,"column":5}},"5":{"start":{"line":27,"column":45},"end":{"line":30,"column":5}},"6":{"start":{"line":35,"column":31},"end":{"line":35,"column":82}},"7":{"start":{"line":35,"column":40},"end":{"line":35,"column":82}},"8":{"start":{"line":37,"column":28},"end":{"line":37,"column":75}},"9":{"start":{"line":37,"column":37},"end":{"line":37,"column":75}},"10":{"start":{"line":39,"column":40},"end":{"line":39,"column":99}},"11":{"start":{"line":39,"column":49},"end":{"line":39,"column":99}},"12":{"start":{"line":41,"column":41},"end":{"line":41,"column":101}},"13":{"start":{"line":41,"column":50},"end":{"line":41,"column":101}}},"fnMap":{"0":{"name":"(anonymous_0)","decl":{"start":{"line":7,"column":28},"end":{"line":7,"column":29}},"loc":{"start":{"line":7,"column":38},"end":{"line":10,"column":5}},"line":7},"1":{"name":"(anonymous_1)","decl":{"start":{"line":11,"column":28},"end":{"line":11,"column":29}},"loc":{"start":{"line":11,"column":48},"end":{"line":14,"column":5}},"line":11},"2":{"name":"(anonymous_2)","decl":{"start":{"line":15,"column":32},"end":{"line":15,"column":33}},"loc":{"start":{"line":15,"column":44},"end":{"line":18,"column":5}},"line":15},"3":{"name":"(anonymous_3)","decl":{"start":{"line":19,"column":32},"end":{"line":19,"column":33}},"loc":{"start":{"line":19,"column":44},"end":{"line":22,"column":5}},"line":19},"4":{"name":"(anonymous_4)","decl":{"start":{"line":23,"column":33},"end":{"line":23,"column":34}},"loc":{"start":{"line":23,"column":45},"end":{"line":26,"column":5}},"line":23},"5":{"name":"(anonymous_5)","decl":{"start":{"line":27,"column":33},"end":{"line":27,"column":34}},"loc":{"start":{"line":27,"column":45},"end":{"line":30,"column":5}},"line":27},"6":{"name":"(anonymous_6)","decl":{"start":{"line":35,"column":31},"end":{"line":35,"column":32}},"loc":{"start":{"line":35,"column":40},"end":{"line":35,"column":82}},"line":35},"7":{"name":"(anonymous_7)","decl":{"start":{"line":37,"column":28},"end":{"line":37,"column":29}},"loc":{"start":{"line":37,"column":37},"end":{"line":37,"column":75}},"line":37},"8":{"name":"(anonymous_8)","decl":{"start":{"line":39,"column":40},"end":{"line":39,"column":41}},"loc":{"start":{"line":39,"column":49},"end":{"line":39,"column":99}},"line":39},"9":{"name":"(anonymous_9)","decl":{"start":{"line":41,"column":41},"end":{"line":41,"column":42}},"loc":{"start":{"line":41,"column":50},"end":{"line":41,"column":101}},"line":41}},"branchMap":{},"s":{"0":2,"1":3,"2":1,"3":1,"4":1,"5":1,"6":1,"7":3,"8":1,"9":4,"10":1,"11":3,"12":1,"13":3},"f":{"0":2,"1":3,"2":1,"3":1,"4":1,"5":1,"6":3,"7":4,"8":3,"9":3},"b":{},"_coverageSchema":"43e27e138ebf9cfc5966b082cf9a028302ed4184","hash":"a7b23f055931028dc9740e38920da6c2db83cbd5"},"/Users/henry/git/equinor/mad-project-ergonomics-web/src/store/appSettings/actions.js":{"path":"/Users/henry/git/equinor/mad-project-ergonomics-web/src/store/appSettings/actions.js","statementMap":{"0":{"start":{"line":4,"column":28},"end":{"line":4,"column":57}},"1":{"start":{"line":6,"column":28},"end":{"line":6,"column":56}},"2":{"start":{"line":8,"column":32},"end":{"line":8,"column":69}},"3":{"start":{"line":9,"column":32},"end":{"line":9,"column":69}},"4":{"start":{"line":11,"column":33},"end":{"line":11,"column":79}},"5":{"start":{"line":12,"column":33},"end":{"line":12,"column":79}}},"fnMap":{},"branchMap":{},"s":{"0":1,"1":1,"2":1,"3":1,"4":1,"5":1},"f":{},"b":{},"_coverageSchema":"43e27e138ebf9cfc5966b082cf9a028302ed4184","hash":"de9f7c4c22741cf2ead5eb39418b4629e01704e8"},"/Users/henry/git/equinor/mad-project-ergonomics-web/src/store/labels/actions.js":{"path":"/Users/henry/git/equinor/mad-project-ergonomics-web/src/store/labels/actions.js","statementMap":{"0":{"start":{"line":3,"column":27},"end":{"line":3,"column":53}},"1":{"start":{"line":4,"column":36},"end":{"line":4,"column":72}},"2":{"start":{"line":5,"column":36},"end":{"line":5,"column":72}},"3":{"start":{"line":6,"column":33},"end":{"line":6,"column":66}}},"fnMap":{},"branchMap":{},"s":{"0":1,"1":1,"2":1,"3":1},"f":{},"b":{},"_coverageSchema":"43e27e138ebf9cfc5966b082cf9a028302ed4184","hash":"a46caf5c2d6790e17b0fb78efbf749a28134227b"},"/Users/henry/git/equinor/mad-project-ergonomics-web/src/store/labels/reducer.js":{"path":"/Users/henry/git/equinor/mad-project-ergonomics-web/src/store/labels/reducer.js","statementMap":{"0":{"start":{"line":7,"column":46},"end":{"line":10,"column":5}},"1":{"start":{"line":11,"column":56},"end":{"line":15,"column":5}},"2":{"start":{"line":16,"column":43},"end":{"line":19,"column":5}},"3":{"start":{"line":30,"column":25},"end":{"line":30,"column":64}},"4":{"start":{"line":30,"column":34},"end":{"line":30,"column":64}},"5":{"start":{"line":32,"column":35},"end":{"line":32,"column":78}},"6":{"start":{"line":32,"column":44},"end":{"line":32,"column":78}}},"fnMap":{"0":{"name":"(anonymous_0)","decl":{"start":{"line":7,"column":36},"end":{"line":7,"column":37}},"loc":{"start":{"line":7,"column":46},"end":{"line":10,"column":5}},"line":7},"1":{"name":"(anonymous_1)","decl":{"start":{"line":11,"column":36},"end":{"line":11,"column":37}},"loc":{"start":{"line":11,"column":56},"end":{"line":15,"column":5}},"line":11},"2":{"name":"(anonymous_2)","decl":{"start":{"line":16,"column":33},"end":{"line":16,"column":34}},"loc":{"start":{"line":16,"column":43},"end":{"line":19,"column":5}},"line":16},"3":{"name":"(anonymous_3)","decl":{"start":{"line":30,"column":25},"end":{"line":30,"column":26}},"loc":{"start":{"line":30,"column":34},"end":{"line":30,"column":64}},"line":30},"4":{"name":"(anonymous_4)","decl":{"start":{"line":32,"column":35},"end":{"line":32,"column":36}},"loc":{"start":{"line":32,"column":44},"end":{"line":32,"column":78}},"line":32}},"branchMap":{},"s":{"0":2,"1":2,"2":1,"3":1,"4":2,"5":1,"6":5},"f":{"0":2,"1":2,"2":1,"3":2,"4":5},"b":{},"_coverageSchema":"43e27e138ebf9cfc5966b082cf9a028302ed4184","hash":"32fbaaaa8373b5b6434659ef98a297c71b5db25d"},"/Users/henry/git/equinor/mad-project-ergonomics-web/src/store/combinations/reducer.js":{"path":"/Users/henry/git/equinor/mad-project-ergonomics-web/src/store/combinations/reducer.js","statementMap":{"0":{"start":{"line":7,"column":21},"end":{"line":14,"column":1}},"1":{"start":{"line":19,"column":54},"end":{"line":22,"column":5}},"2":{"start":{"line":23,"column":60},"end":{"line":27,"column":5}},"3":{"start":{"line":28,"column":51},"end":{"line":32,"column":5}},"4":{"start":{"line":34,"column":61},"end":{"line":37,"column":5}},"5":{"start":{"line":38,"column":67},"end":{"line":42,"column":5}},"6":{"start":{"line":43,"column":58},"end":{"line":47,"column":5}},"7":{"start":{"line":49,"column":65},"end":{"line":52,"column":5}},"8":{"start":{"line":53,"column":71},"end":{"line":57,"column":5}},"9":{"start":{"line":58,"column":62},"end":{"line":62,"column":5}},"10":{"start":{"line":64,"column":61},"end":{"line":67,"column":5}},"11":{"start":{"line":68,"column":67},"end":{"line":72,"column":5}},"12":{"start":{"line":73,"column":58},"end":{"line":77,"column":5}},"13":{"start":{"line":79,"column":6},"end":{"line":82,"column":9}},"14":{"start":{"line":85,"column":37},"end":{"line":85,"column":51}},"15":{"start":{"line":86,"column":26},"end":{"line":86,"column":42}},"16":{"start":{"line":88,"column":6},"end":{"line":91,"column":8}},"17":{"start":{"line":93,"column":6},"end":{"line":93,"column":27}},"18":{"start":{"line":96,"column":26},"end":{"line":96,"column":40}},"19":{"start":{"line":97,"column":26},"end":{"line":97,"column":42}},"20":{"start":{"line":99,"column":6},"end":{"line":99,"column":61}},"21":{"start":{"line":101,"column":6},"end":{"line":101,"column":25}},"22":{"start":{"line":104,"column":26},"end":{"line":104,"column":40}},"23":{"start":{"line":105,"column":26},"end":{"line":105,"column":42}},"24":{"start":{"line":107,"column":36},"end":{"line":107,"column":112}},"25":{"start":{"line":107,"column":92},"end":{"line":107,"column":111}},"26":{"start":{"line":108,"column":6},"end":{"line":108,"column":80}},"27":{"start":{"line":110,"column":6},"end":{"line":110,"column":25}},"28":{"start":{"line":116,"column":31},"end":{"line":116,"column":54}},"29":{"start":{"line":118,"column":31},"end":{"line":118,"column":82}},"30":{"start":{"line":118,"column":40},"end":{"line":118,"column":82}},"31":{"start":{"line":119,"column":38},"end":{"line":119,"column":96}},"32":{"start":{"line":119,"column":47},"end":{"line":119,"column":96}},"33":{"start":{"line":120,"column":38},"end":{"line":120,"column":96}},"34":{"start":{"line":120,"column":47},"end":{"line":120,"column":96}},"35":{"start":{"line":121,"column":42},"end":{"line":121,"column":104}},"36":{"start":{"line":121,"column":51},"end":{"line":121,"column":104}},"37":{"start":{"line":123,"column":38},"end":{"line":123,"column":96}},"38":{"start":{"line":123,"column":47},"end":{"line":123,"column":96}},"39":{"start":{"line":125,"column":41},"end":{"line":125,"column":90}},"40":{"start":{"line":125,"column":50},"end":{"line":125,"column":90}}},"fnMap":{"0":{"name":"(anonymous_0)","decl":{"start":{"line":19,"column":42},"end":{"line":19,"column":43}},"loc":{"start":{"line":19,"column":54},"end":{"line":22,"column":5}},"line":19},"1":{"name":"(anonymous_1)","decl":{"start":{"line":23,"column":40},"end":{"line":23,"column":41}},"loc":{"start":{"line":23,"column":60},"end":{"line":27,"column":5}},"line":23},"2":{"name":"(anonymous_2)","decl":{"start":{"line":28,"column":39},"end":{"line":28,"column":40}},"loc":{"start":{"line":28,"column":51},"end":{"line":32,"column":5}},"line":28},"3":{"name":"(anonymous_3)","decl":{"start":{"line":34,"column":49},"end":{"line":34,"column":50}},"loc":{"start":{"line":34,"column":61},"end":{"line":37,"column":5}},"line":34},"4":{"name":"(anonymous_4)","decl":{"start":{"line":38,"column":47},"end":{"line":38,"column":48}},"loc":{"start":{"line":38,"column":67},"end":{"line":42,"column":5}},"line":38},"5":{"name":"(anonymous_5)","decl":{"start":{"line":43,"column":46},"end":{"line":43,"column":47}},"loc":{"start":{"line":43,"column":58},"end":{"line":47,"column":5}},"line":43},"6":{"name":"(anonymous_6)","decl":{"start":{"line":49,"column":53},"end":{"line":49,"column":54}},"loc":{"start":{"line":49,"column":65},"end":{"line":52,"column":5}},"line":49},"7":{"name":"(anonymous_7)","decl":{"start":{"line":53,"column":51},"end":{"line":53,"column":52}},"loc":{"start":{"line":53,"column":71},"end":{"line":57,"column":5}},"line":53},"8":{"name":"(anonymous_8)","decl":{"start":{"line":58,"column":50},"end":{"line":58,"column":51}},"loc":{"start":{"line":58,"column":62},"end":{"line":62,"column":5}},"line":58},"9":{"name":"(anonymous_9)","decl":{"start":{"line":64,"column":49},"end":{"line":64,"column":50}},"loc":{"start":{"line":64,"column":61},"end":{"line":67,"column":5}},"line":64},"10":{"name":"(anonymous_10)","decl":{"start":{"line":68,"column":47},"end":{"line":68,"column":48}},"loc":{"start":{"line":68,"column":67},"end":{"line":72,"column":5}},"line":68},"11":{"name":"(anonymous_11)","decl":{"start":{"line":73,"column":46},"end":{"line":73,"column":47}},"loc":{"start":{"line":73,"column":58},"end":{"line":77,"column":5}},"line":73},"12":{"name":"(anonymous_12)","decl":{"start":{"line":78,"column":33},"end":{"line":78,"column":34}},"loc":{"start":{"line":78,"column":52},"end":{"line":83,"column":5}},"line":78},"13":{"name":"(anonymous_13)","decl":{"start":{"line":84,"column":42},"end":{"line":84,"column":43}},"loc":{"start":{"line":84,"column":61},"end":{"line":94,"column":5}},"line":84},"14":{"name":"(anonymous_14)","decl":{"start":{"line":95,"column":39},"end":{"line":95,"column":40}},"loc":{"start":{"line":95,"column":58},"end":{"line":102,"column":5}},"line":95},"15":{"name":"(anonymous_15)","decl":{"start":{"line":103,"column":44},"end":{"line":103,"column":45}},"loc":{"start":{"line":103,"column":63},"end":{"line":111,"column":5}},"line":103},"16":{"name":"(anonymous_16)","decl":{"start":{"line":107,"column":87},"end":{"line":107,"column":88}},"loc":{"start":{"line":107,"column":92},"end":{"line":107,"column":111}},"line":107},"17":{"name":"(anonymous_17)","decl":{"start":{"line":118,"column":31},"end":{"line":118,"column":32}},"loc":{"start":{"line":118,"column":40},"end":{"line":118,"column":82}},"line":118},"18":{"name":"(anonymous_18)","decl":{"start":{"line":119,"column":38},"end":{"line":119,"column":39}},"loc":{"start":{"line":119,"column":47},"end":{"line":119,"column":96}},"line":119},"19":{"name":"(anonymous_19)","decl":{"start":{"line":120,"column":38},"end":{"line":120,"column":39}},"loc":{"start":{"line":120,"column":47},"end":{"line":120,"column":96}},"line":120},"20":{"name":"(anonymous_20)","decl":{"start":{"line":121,"column":42},"end":{"line":121,"column":43}},"loc":{"start":{"line":121,"column":51},"end":{"line":121,"column":104}},"line":121},"21":{"name":"(anonymous_21)","decl":{"start":{"line":123,"column":38},"end":{"line":123,"column":39}},"loc":{"start":{"line":123,"column":47},"end":{"line":123,"column":96}},"line":123},"22":{"name":"(anonymous_22)","decl":{"start":{"line":125,"column":41},"end":{"line":125,"column":42}},"loc":{"start":{"line":125,"column":50},"end":{"line":125,"column":90}},"line":125}},"branchMap":{},"s":{"0":1,"1":0,"2":1,"3":0,"4":0,"5":0,"6":0,"7":0,"8":0,"9":0,"10":0,"11":0,"12":0,"13":4,"14":1,"15":1,"16":1,"17":1,"18":0,"19":0,"20":0,"21":0,"22":0,"23":0,"24":0,"25":0,"26":0,"27":0,"28":1,"29":1,"30":1,"31":1,"32":0,"33":1,"34":0,"35":1,"36":0,"37":1,"38":5,"39":1,"40":0},"f":{"0":0,"1":1,"2":0,"3":0,"4":0,"5":0,"6":0,"7":0,"8":0,"9":0,"10":0,"11":0,"12":4,"13":1,"14":0,"15":0,"16":0,"17":1,"18":0,"19":0,"20":0,"21":5,"22":0},"b":{},"_coverageSchema":"43e27e138ebf9cfc5966b082cf9a028302ed4184","hash":"7c74014043621b3cddb1db42d07668672dd9590e"},"/Users/henry/git/equinor/mad-project-ergonomics-web/src/store/combinations/actions.js":{"path":"/Users/henry/git/equinor/mad-project-ergonomics-web/src/store/combinations/actions.js","statementMap":{"0":{"start":{"line":3,"column":39},"end":{"line":3,"column":78}},"1":{"start":{"line":4,"column":48},"end":{"line":4,"column":97}},"2":{"start":{"line":5,"column":48},"end":{"line":5,"column":97}},"3":{"start":{"line":6,"column":45},"end":{"line":6,"column":91}},"4":{"start":{"line":8,"column":44},"end":{"line":8,"column":86}},"5":{"start":{"line":9,"column":53},"end":{"line":9,"column":105}},"6":{"start":{"line":10,"column":53},"end":{"line":10,"column":105}},"7":{"start":{"line":11,"column":50},"end":{"line":11,"column":99}},"8":{"start":{"line":13,"column":33},"end":{"line":13,"column":65}},"9":{"start":{"line":14,"column":42},"end":{"line":14,"column":84}},"10":{"start":{"line":15,"column":40},"end":{"line":15,"column":80}},"11":{"start":{"line":16,"column":39},"end":{"line":16,"column":78}},"12":{"start":{"line":18,"column":40},"end":{"line":18,"column":80}},"13":{"start":{"line":19,"column":49},"end":{"line":19,"column":99}},"14":{"start":{"line":20,"column":47},"end":{"line":20,"column":95}},"15":{"start":{"line":21,"column":46},"end":{"line":21,"column":93}},"16":{"start":{"line":23,"column":40},"end":{"line":23,"column":80}},"17":{"start":{"line":24,"column":49},"end":{"line":24,"column":99}},"18":{"start":{"line":25,"column":47},"end":{"line":25,"column":95}},"19":{"start":{"line":26,"column":46},"end":{"line":26,"column":93}},"20":{"start":{"line":28,"column":44},"end":{"line":28,"column":88}},"21":{"start":{"line":29,"column":53},"end":{"line":29,"column":107}},"22":{"start":{"line":30,"column":51},"end":{"line":30,"column":103}},"23":{"start":{"line":31,"column":50},"end":{"line":31,"column":101}},"24":{"start":{"line":33,"column":33},"end":{"line":33,"column":71}},"25":{"start":{"line":36,"column":40},"end":{"line":36,"column":82}},"26":{"start":{"line":37,"column":49},"end":{"line":37,"column":106}},"27":{"start":{"line":38,"column":47},"end":{"line":38,"column":102}},"28":{"start":{"line":39,"column":46},"end":{"line":39,"column":100}},"29":{"start":{"line":42,"column":42},"end":{"line":42,"column":87}},"30":{"start":{"line":43,"column":51},"end":{"line":43,"column":99}},"31":{"start":{"line":44,"column":51},"end":{"line":44,"column":99}},"32":{"start":{"line":45,"column":48},"end":{"line":45,"column":93}},"33":{"start":{"line":49,"column":38},"end":{"line":49,"column":71}},"34":{"start":{"line":50,"column":47},"end":{"line":50,"column":95}},"35":{"start":{"line":51,"column":47},"end":{"line":51,"column":95}},"36":{"start":{"line":52,"column":44},"end":{"line":52,"column":89}}},"fnMap":{},"branchMap":{},"s":{"0":1,"1":1,"2":1,"3":1,"4":1,"5":1,"6":1,"7":1,"8":1,"9":1,"10":1,"11":1,"12":1,"13":1,"14":1,"15":1,"16":1,"17":1,"18":1,"19":1,"20":1,"21":1,"22":1,"23":1,"24":1,"25":1,"26":1,"27":1,"28":1,"29":1,"30":1,"31":1,"32":1,"33":1,"34":1,"35":1,"36":1},"f":{},"b":{},"_coverageSchema":"43e27e138ebf9cfc5966b082cf9a028302ed4184","hash":"ed5b3c8a7f1f4669a6b1c14b7f6f0ffb7afb510b"},"/Users/henry/git/equinor/mad-project-ergonomics-web/src/store/questions/actions.js":{"path":"/Users/henry/git/equinor/mad-project-ergonomics-web/src/store/questions/actions.js","statementMap":{"0":{"start":{"line":3,"column":30},"end":{"line":3,"column":59}},"1":{"start":{"line":4,"column":39},"end":{"line":4,"column":78}},"2":{"start":{"line":5,"column":39},"end":{"line":5,"column":78}},"3":{"start":{"line":6,"column":36},"end":{"line":6,"column":72}},"4":{"start":{"line":8,"column":28},"end":{"line":8,"column":67}},"5":{"start":{"line":9,"column":29},"end":{"line":9,"column":78}},"6":{"start":{"line":11,"column":30},"end":{"line":11,"column":61}},"7":{"start":{"line":13,"column":32},"end":{"line":13,"column":64}},"8":{"start":{"line":14,"column":37},"end":{"line":14,"column":88}},"9":{"start":{"line":15,"column":41},"end":{"line":15,"column":85}},"10":{"start":{"line":16,"column":38},"end":{"line":16,"column":77}},"11":{"start":{"line":18,"column":30},"end":{"line":18,"column":69}},"12":{"start":{"line":19,"column":35},"end":{"line":19,"column":87}},"13":{"start":{"line":20,"column":36},"end":{"line":20,"column":85}},"14":{"start":{"line":21,"column":39},"end":{"line":21,"column":89}},"15":{"start":{"line":24,"column":33},"end":{"line":24,"column":71}},"16":{"start":{"line":25,"column":42},"end":{"line":25,"column":86}},"17":{"start":{"line":26,"column":39},"end":{"line":26,"column":80}},"18":{"start":{"line":28,"column":30},"end":{"line":28,"column":65}},"19":{"start":{"line":29,"column":39},"end":{"line":29,"column":82}},"20":{"start":{"line":30,"column":39},"end":{"line":30,"column":82}},"21":{"start":{"line":31,"column":36},"end":{"line":31,"column":76}},"22":{"start":{"line":34,"column":30},"end":{"line":34,"column":61}},"23":{"start":{"line":35,"column":39},"end":{"line":35,"column":85}},"24":{"start":{"line":36,"column":39},"end":{"line":36,"column":85}},"25":{"start":{"line":37,"column":36},"end":{"line":37,"column":79}},"26":{"start":{"line":39,"column":32},"end":{"line":39,"column":61}},"27":{"start":{"line":40,"column":38},"end":{"line":40,"column":78}},"28":{"start":{"line":41,"column":41},"end":{"line":41,"column":84}},"29":{"start":{"line":42,"column":41},"end":{"line":42,"column":84}},"30":{"start":{"line":44,"column":34},"end":{"line":44,"column":69}},"31":{"start":{"line":45,"column":40},"end":{"line":45,"column":82}},"32":{"start":{"line":46,"column":43},"end":{"line":46,"column":88}},"33":{"start":{"line":47,"column":43},"end":{"line":47,"column":88}},"34":{"start":{"line":50,"column":33},"end":{"line":50,"column":61}},"35":{"start":{"line":51,"column":42},"end":{"line":51,"column":85}},"36":{"start":{"line":52,"column":42},"end":{"line":52,"column":85}},"37":{"start":{"line":53,"column":39},"end":{"line":53,"column":79}}},"fnMap":{},"branchMap":{},"s":{"0":1,"1":1,"2":1,"3":1,"4":1,"5":1,"6":1,"7":1,"8":1,"9":1,"10":1,"11":1,"12":1,"13":1,"14":1,"15":1,"16":1,"17":1,"18":1,"19":1,"20":1,"21":1,"22":1,"23":1,"24":1,"25":1,"26":1,"27":1,"28":1,"29":1,"30":1,"31":1,"32":1,"33":1,"34":1,"35":1,"36":1,"37":1},"f":{},"b":{},"_coverageSchema":"43e27e138ebf9cfc5966b082cf9a028302ed4184","hash":"629280f927d041b6dd5175768c057c12148a6e6f"},"/Users/henry/git/equinor/mad-project-ergonomics-web/src/store/questions/reducer.js":{"path":"/Users/henry/git/equinor/mad-project-ergonomics-web/src/store/questions/reducer.js","statementMap":{"0":{"start":{"line":7,"column":21},"end":{"line":7,"column":89}},"1":{"start":{"line":10,"column":46},"end":{"line":13,"column":5}},"2":{"start":{"line":14,"column":59},"end":{"line":17,"column":5}},"3":{"start":{"line":18,"column":46},"end":{"line":21,"column":5}},"4":{"start":{"line":23,"column":62},"end":{"line":23,"column":76}},"5":{"start":{"line":24,"column":26},"end":{"line":24,"column":42}},"6":{"start":{"line":25,"column":31},"end":{"line":25,"column":97}},"7":{"start":{"line":25,"column":70},"end":{"line":25,"column":96}},"8":{"start":{"line":26,"column":29},"end":{"line":26,"column":92}},"9":{"start":{"line":26,"column":69},"end":{"line":26,"column":91}},"10":{"start":{"line":28,"column":6},"end":{"line":32,"column":8}},"11":{"start":{"line":34,"column":6},"end":{"line":36,"column":9}},"12":{"start":{"line":39,"column":52},"end":{"line":39,"column":66}},"13":{"start":{"line":40,"column":26},"end":{"line":40,"column":42}},"14":{"start":{"line":42,"column":31},"end":{"line":42,"column":97}},"15":{"start":{"line":42,"column":70},"end":{"line":42,"column":96}},"16":{"start":{"line":43,"column":6},"end":{"line":47,"column":8}},"17":{"start":{"line":49,"column":6},"end":{"line":52,"column":9}},"18":{"start":{"line":55,"column":24},"end":{"line":55,"column":39}},"19":{"start":{"line":56,"column":37},"end":{"line":56,"column":51}},"20":{"start":{"line":57,"column":6},"end":{"line":59,"column":9}},"21":{"start":{"line":62,"column":47},"end":{"line":62,"column":61}},"22":{"start":{"line":63,"column":26},"end":{"line":63,"column":42}},"23":{"start":{"line":64,"column":31},"end":{"line":64,"column":84}},"24":{"start":{"line":64,"column":63},"end":{"line":64,"column":83}},"25":{"start":{"line":65,"column":6},"end":{"line":65,"column":89}},"26":{"start":{"line":66,"column":6},"end":{"line":66,"column":34}},"27":{"start":{"line":69,"column":35},"end":{"line":69,"column":49}},"28":{"start":{"line":70,"column":38},"end":{"line":70,"column":86}},"29":{"start":{"line":70,"column":67},"end":{"line":70,"column":85}},"30":{"start":{"line":71,"column":24},"end":{"line":74,"column":9}},"31":{"start":{"line":71,"column":50},"end":{"line":74,"column":7}},"32":{"start":{"line":75,"column":6},"end":{"line":77,"column":9}},"33":{"start":{"line":80,"column":17},"end":{"line":80,"column":31}},"34":{"start":{"line":81,"column":24},"end":{"line":81,"column":48}},"35":{"start":{"line":82,"column":6},"end":{"line":85,"column":9}},"36":{"start":{"line":88,"column":17},"end":{"line":88,"column":31}},"37":{"start":{"line":89,"column":24},"end":{"line":90,"column":7}},"38":{"start":{"line":89,"column":52},"end":{"line":89,"column":66}},"39":{"start":{"line":91,"column":6},"end":{"line":94,"column":9}},"40":{"start":{"line":98,"column":27},"end":{"line":98,"column":41}},"41":{"start":{"line":100,"column":26},"end":{"line":100,"column":42}},"42":{"start":{"line":101,"column":26},"end":{"line":101,"column":30}},"43":{"start":{"line":102,"column":24},"end":{"line":102,"column":28}},"44":{"start":{"line":105,"column":6},"end":{"line":115,"column":7}},"45":{"start":{"line":105,"column":19},"end":{"line":105,"column":20}},"46":{"start":{"line":106,"column":25},"end":{"line":106,"column":49}},"47":{"start":{"line":107,"column":8},"end":{"line":114,"column":9}},"48":{"start":{"line":108,"column":25},"end":{"line":108,"column":85}},"49":{"start":{"line":108,"column":62},"end":{"line":108,"column":84}},"50":{"start":{"line":109,"column":10},"end":{"line":113,"column":11}},"51":{"start":{"line":110,"column":12},"end":{"line":110,"column":33}},"52":{"start":{"line":111,"column":12},"end":{"line":111,"column":30}},"53":{"start":{"line":112,"column":12},"end":{"line":112,"column":18}},"54":{"start":{"line":117,"column":6},"end":{"line":136,"column":7}},"55":{"start":{"line":119,"column":8},"end":{"line":122,"column":13}},"56":{"start":{"line":121,"column":12},"end":{"line":121,"column":52}},"57":{"start":{"line":123,"column":8},"end":{"line":135,"column":9}},"58":{"start":{"line":126,"column":10},"end":{"line":126,"column":86}},"59":{"start":{"line":130,"column":10},"end":{"line":130,"column":65}},"60":{"start":{"line":133,"column":10},"end":{"line":134,"column":80}},"61":{"start":{"line":138,"column":6},"end":{"line":138,"column":25}},"62":{"start":{"line":141,"column":31},"end":{"line":141,"column":45}},"63":{"start":{"line":142,"column":26},"end":{"line":142,"column":42}},"64":{"start":{"line":144,"column":6},"end":{"line":182,"column":9}},"65":{"start":{"line":146,"column":28},"end":{"line":146,"column":32}},"66":{"start":{"line":147,"column":26},"end":{"line":147,"column":30}},"67":{"start":{"line":150,"column":8},"end":{"line":160,"column":9}},"68":{"start":{"line":150,"column":21},"end":{"line":150,"column":22}},"69":{"start":{"line":151,"column":27},"end":{"line":151,"column":51}},"70":{"start":{"line":152,"column":10},"end":{"line":159,"column":11}},"71":{"start":{"line":153,"column":27},"end":{"line":153,"column":87}},"72":{"start":{"line":153,"column":64},"end":{"line":153,"column":86}},"73":{"start":{"line":154,"column":12},"end":{"line":158,"column":13}},"74":{"start":{"line":155,"column":14},"end":{"line":155,"column":35}},"75":{"start":{"line":156,"column":14},"end":{"line":156,"column":32}},"76":{"start":{"line":157,"column":14},"end":{"line":157,"column":20}},"77":{"start":{"line":162,"column":8},"end":{"line":181,"column":9}},"78":{"start":{"line":164,"column":10},"end":{"line":167,"column":15}},"79":{"start":{"line":166,"column":14},"end":{"line":166,"column":54}},"80":{"start":{"line":168,"column":10},"end":{"line":180,"column":11}},"81":{"start":{"line":171,"column":12},"end":{"line":171,"column":88}},"82":{"start":{"line":175,"column":12},"end":{"line":175,"column":67}},"83":{"start":{"line":178,"column":12},"end":{"line":179,"column":82}},"84":{"start":{"line":183,"column":6},"end":{"line":183,"column":25}},"85":{"start":{"line":186,"column":26},"end":{"line":186,"column":42}},"86":{"start":{"line":187,"column":51},"end":{"line":187,"column":65}},"87":{"start":{"line":188,"column":31},"end":{"line":188,"column":83}},"88":{"start":{"line":188,"column":63},"end":{"line":188,"column":82}},"89":{"start":{"line":189,"column":6},"end":{"line":189,"column":85}},"90":{"start":{"line":190,"column":6},"end":{"line":193,"column":9}},"91":{"start":{"line":199,"column":28},"end":{"line":199,"column":73}},"92":{"start":{"line":199,"column":37},"end":{"line":199,"column":73}},"93":{"start":{"line":201,"column":38},"end":{"line":201,"column":84}},"94":{"start":{"line":201,"column":47},"end":{"line":201,"column":84}},"95":{"start":{"line":203,"column":42},"end":{"line":213,"column":1}},"96":{"start":{"line":205,"column":2},"end":{"line":205,"column":68}},"97":{"start":{"line":205,"column":55},"end":{"line":205,"column":68}},"98":{"start":{"line":208,"column":36},"end":{"line":210,"column":4}},"99":{"start":{"line":209,"column":4},"end":{"line":209,"column":32}},"100":{"start":{"line":212,"column":2},"end":{"line":212,"column":36}},"101":{"start":{"line":215,"column":34},"end":{"line":229,"column":1}},"102":{"start":{"line":216,"column":31},"end":{"line":218,"column":3}},"103":{"start":{"line":217,"column":16},"end":{"line":217,"column":35}},"104":{"start":{"line":220,"column":18},"end":{"line":220,"column":20}},"105":{"start":{"line":221,"column":2},"end":{"line":227,"column":4}},"106":{"start":{"line":222,"column":4},"end":{"line":226,"column":6}},"107":{"start":{"line":223,"column":6},"end":{"line":225,"column":7}},"108":{"start":{"line":224,"column":8},"end":{"line":224,"column":63}},"109":{"start":{"line":228,"column":2},"end":{"line":228,"column":17}},"110":{"start":{"line":231,"column":62},"end":{"line":232,"column":77}},"111":{"start":{"line":232,"column":2},"end":{"line":232,"column":77}},"112":{"start":{"line":232,"column":49},"end":{"line":232,"column":68}}},"fnMap":{"0":{"name":"(anonymous_0)","decl":{"start":{"line":10,"column":39},"end":{"line":10,"column":40}},"loc":{"start":{"line":10,"column":46},"end":{"line":13,"column":5}},"line":10},"1":{"name":"(anonymous_1)","decl":{"start":{"line":14,"column":39},"end":{"line":14,"column":40}},"loc":{"start":{"line":14,"column":59},"end":{"line":17,"column":5}},"line":14},"2":{"name":"(anonymous_2)","decl":{"start":{"line":18,"column":36},"end":{"line":18,"column":37}},"loc":{"start":{"line":18,"column":46},"end":{"line":21,"column":5}},"line":18},"3":{"name":"(anonymous_3)","decl":{"start":{"line":22,"column":32},"end":{"line":22,"column":33}},"loc":{"start":{"line":22,"column":51},"end":{"line":37,"column":5}},"line":22},"4":{"name":"(anonymous_4)","decl":{"start":{"line":25,"column":58},"end":{"line":25,"column":59}},"loc":{"start":{"line":25,"column":70},"end":{"line":25,"column":96}},"line":25},"5":{"name":"(anonymous_5)","decl":{"start":{"line":26,"column":59},"end":{"line":26,"column":60}},"loc":{"start":{"line":26,"column":69},"end":{"line":26,"column":91}},"line":26},"6":{"name":"(anonymous_6)","decl":{"start":{"line":38,"column":34},"end":{"line":38,"column":35}},"loc":{"start":{"line":38,"column":53},"end":{"line":53,"column":5}},"line":38},"7":{"name":"(anonymous_7)","decl":{"start":{"line":42,"column":58},"end":{"line":42,"column":59}},"loc":{"start":{"line":42,"column":70},"end":{"line":42,"column":96}},"line":42},"8":{"name":"(anonymous_8)","decl":{"start":{"line":54,"column":37},"end":{"line":54,"column":38}},"loc":{"start":{"line":54,"column":56},"end":{"line":60,"column":5}},"line":54},"9":{"name":"(anonymous_9)","decl":{"start":{"line":61,"column":35},"end":{"line":61,"column":36}},"loc":{"start":{"line":61,"column":54},"end":{"line":67,"column":5}},"line":61},"10":{"name":"(anonymous_10)","decl":{"start":{"line":64,"column":58},"end":{"line":64,"column":59}},"loc":{"start":{"line":64,"column":63},"end":{"line":64,"column":83}},"line":64},"11":{"name":"(anonymous_11)","decl":{"start":{"line":68,"column":33},"end":{"line":68,"column":34}},"loc":{"start":{"line":68,"column":52},"end":{"line":78,"column":5}},"line":68},"12":{"name":"(anonymous_12)","decl":{"start":{"line":70,"column":62},"end":{"line":70,"column":63}},"loc":{"start":{"line":70,"column":67},"end":{"line":70,"column":85}},"line":70},"13":{"name":"(anonymous_13)","decl":{"start":{"line":71,"column":44},"end":{"line":71,"column":45}},"loc":{"start":{"line":71,"column":50},"end":{"line":74,"column":7}},"line":71},"14":{"name":"(anonymous_14)","decl":{"start":{"line":79,"column":39},"end":{"line":79,"column":40}},"loc":{"start":{"line":79,"column":58},"end":{"line":86,"column":5}},"line":79},"15":{"name":"(anonymous_15)","decl":{"start":{"line":87,"column":30},"end":{"line":87,"column":31}},"loc":{"start":{"line":87,"column":49},"end":{"line":95,"column":5}},"line":87},"16":{"name":"(anonymous_16)","decl":{"start":{"line":89,"column":47},"end":{"line":89,"column":48}},"loc":{"start":{"line":89,"column":52},"end":{"line":89,"column":66}},"line":89},"17":{"name":"(anonymous_17)","decl":{"start":{"line":96,"column":28},"end":{"line":96,"column":29}},"loc":{"start":{"line":96,"column":47},"end":{"line":139,"column":5}},"line":96},"18":{"name":"(anonymous_18)","decl":{"start":{"line":108,"column":52},"end":{"line":108,"column":53}},"loc":{"start":{"line":108,"column":62},"end":{"line":108,"column":84}},"line":108},"19":{"name":"(anonymous_19)","decl":{"start":{"line":120,"column":59},"end":{"line":120,"column":60}},"loc":{"start":{"line":120,"column":69},"end":{"line":122,"column":11}},"line":120},"20":{"name":"(anonymous_20)","decl":{"start":{"line":140,"column":29},"end":{"line":140,"column":30}},"loc":{"start":{"line":140,"column":48},"end":{"line":184,"column":5}},"line":140},"21":{"name":"(anonymous_21)","decl":{"start":{"line":144,"column":28},"end":{"line":144,"column":29}},"loc":{"start":{"line":144,"column":40},"end":{"line":182,"column":7}},"line":144},"22":{"name":"(anonymous_22)","decl":{"start":{"line":153,"column":54},"end":{"line":153,"column":55}},"loc":{"start":{"line":153,"column":64},"end":{"line":153,"column":86}},"line":153},"23":{"name":"(anonymous_23)","decl":{"start":{"line":165,"column":61},"end":{"line":165,"column":62}},"loc":{"start":{"line":165,"column":71},"end":{"line":167,"column":13}},"line":165},"24":{"name":"(anonymous_24)","decl":{"start":{"line":185,"column":39},"end":{"line":185,"column":40}},"loc":{"start":{"line":185,"column":58},"end":{"line":194,"column":5}},"line":185},"25":{"name":"(anonymous_25)","decl":{"start":{"line":188,"column":58},"end":{"line":188,"column":59}},"loc":{"start":{"line":188,"column":63},"end":{"line":188,"column":82}},"line":188},"26":{"name":"(anonymous_26)","decl":{"start":{"line":199,"column":28},"end":{"line":199,"column":29}},"loc":{"start":{"line":199,"column":37},"end":{"line":199,"column":73}},"line":199},"27":{"name":"(anonymous_27)","decl":{"start":{"line":201,"column":38},"end":{"line":201,"column":39}},"loc":{"start":{"line":201,"column":47},"end":{"line":201,"column":84}},"line":201},"28":{"name":"(anonymous_28)","decl":{"start":{"line":203,"column":42},"end":{"line":203,"column":43}},"loc":{"start":{"line":203,"column":51},"end":{"line":213,"column":1}},"line":203},"29":{"name":"(anonymous_29)","decl":{"start":{"line":208,"column":78},"end":{"line":208,"column":79}},"loc":{"start":{"line":208,"column":90},"end":{"line":210,"column":3}},"line":208},"30":{"name":"(anonymous_30)","decl":{"start":{"line":215,"column":34},"end":{"line":215,"column":35}},"loc":{"start":{"line":215,"column":43},"end":{"line":229,"column":1}},"line":215},"31":{"name":"(anonymous_31)","decl":{"start":{"line":217,"column":4},"end":{"line":217,"column":5}},"loc":{"start":{"line":217,"column":16},"end":{"line":217,"column":35}},"line":217},"32":{"name":"(anonymous_32)","decl":{"start":{"line":221,"column":31},"end":{"line":221,"column":32}},"loc":{"start":{"line":222,"column":4},"end":{"line":226,"column":6}},"line":222},"33":{"name":"(anonymous_33)","decl":{"start":{"line":222,"column":29},"end":{"line":222,"column":30}},"loc":{"start":{"line":222,"column":39},"end":{"line":226,"column":5}},"line":222},"34":{"name":"(anonymous_34)","decl":{"start":{"line":231,"column":62},"end":{"line":231,"column":63}},"loc":{"start":{"line":232,"column":2},"end":{"line":232,"column":77}},"line":232},"35":{"name":"(anonymous_35)","decl":{"start":{"line":232,"column":44},"end":{"line":232,"column":45}},"loc":{"start":{"line":232,"column":49},"end":{"line":232,"column":68}},"line":232}},"branchMap":{"0":{"loc":{"start":{"line":73,"column":17},"end":{"line":73,"column":75}},"type":"cond-expr","locations":[{"start":{"line":73,"column":40},"end":{"line":73,"column":63}},{"start":{"line":73,"column":66},"end":{"line":73,"column":75}}],"line":73},"1":{"loc":{"start":{"line":107,"column":8},"end":{"line":114,"column":9}},"type":"if","locations":[{"start":{"line":107,"column":8},"end":{"line":114,"column":9}},{"start":{"line":107,"column":8},"end":{"line":114,"column":9}}],"line":107},"2":{"loc":{"start":{"line":109,"column":10},"end":{"line":113,"column":11}},"type":"if","locations":[{"start":{"line":109,"column":10},"end":{"line":113,"column":11}},{"start":{"line":109,"column":10},"end":{"line":113,"column":11}}],"line":109},"3":{"loc":{"start":{"line":117,"column":6},"end":{"line":136,"column":7}},"type":"if","locations":[{"start":{"line":117,"column":6},"end":{"line":136,"column":7}},{"start":{"line":117,"column":6},"end":{"line":136,"column":7}}],"line":117},"4":{"loc":{"start":{"line":123,"column":8},"end":{"line":135,"column":9}},"type":"if","locations":[{"start":{"line":123,"column":8},"end":{"line":135,"column":9}},{"start":{"line":123,"column":8},"end":{"line":135,"column":9}}],"line":123},"5":{"loc":{"start":{"line":152,"column":10},"end":{"line":159,"column":11}},"type":"if","locations":[{"start":{"line":152,"column":10},"end":{"line":159,"column":11}},{"start":{"line":152,"column":10},"end":{"line":159,"column":11}}],"line":152},"6":{"loc":{"start":{"line":154,"column":12},"end":{"line":158,"column":13}},"type":"if","locations":[{"start":{"line":154,"column":12},"end":{"line":158,"column":13}},{"start":{"line":154,"column":12},"end":{"line":158,"column":13}}],"line":154},"7":{"loc":{"start":{"line":162,"column":8},"end":{"line":181,"column":9}},"type":"if","locations":[{"start":{"line":162,"column":8},"end":{"line":181,"column":9}},{"start":{"line":162,"column":8},"end":{"line":181,"column":9}}],"line":162},"8":{"loc":{"start":{"line":168,"column":10},"end":{"line":180,"column":11}},"type":"if","locations":[{"start":{"line":168,"column":10},"end":{"line":180,"column":11}},{"start":{"line":168,"column":10},"end":{"line":180,"column":11}}],"line":168},"9":{"loc":{"start":{"line":205,"column":2},"end":{"line":205,"column":68}},"type":"if","locations":[{"start":{"line":205,"column":2},"end":{"line":205,"column":68}},{"start":{"line":205,"column":2},"end":{"line":205,"column":68}}],"line":205},"10":{"loc":{"start":{"line":223,"column":6},"end":{"line":225,"column":7}},"type":"if","locations":[{"start":{"line":223,"column":6},"end":{"line":225,"column":7}},{"start":{"line":223,"column":6},"end":{"line":225,"column":7}}],"line":223}},"s":{"0":1,"1":1,"2":14,"3":0,"4":2,"5":2,"6":2,"7":2,"8":2,"9":6,"10":2,"11":2,"12":2,"13":2,"14":2,"15":2,"16":2,"17":2,"18":2,"19":2,"20":2,"21":1,"22":1,"23":1,"24":1,"25":1,"26":1,"27":0,"28":0,"29":0,"30":0,"31":0,"32":0,"33":1,"34":1,"35":1,"36":1,"37":1,"38":3,"39":1,"40":27,"41":27,"42":27,"43":27,"44":27,"45":27,"46":50,"47":50,"48":50,"49":96,"50":50,"51":27,"52":27,"53":27,"54":27,"55":27,"56":60,"57":27,"58":27,"59":27,"60":27,"61":27,"62":1,"63":1,"64":1,"65":3,"66":3,"67":3,"68":3,"69":6,"70":6,"71":6,"72":11,"73":6,"74":3,"75":3,"76":3,"77":3,"78":3,"79":7,"80":3,"81":3,"82":3,"83":3,"84":1,"85":0,"86":0,"87":0,"88":0,"89":0,"90":0,"91":1,"92":26,"93":1,"94":2,"95":1,"96":12,"97":0,"98":12,"99":33,"100":12,"101":1,"102":0,"103":0,"104":0,"105":0,"106":0,"107":0,"108":0,"109":0,"110":1,"111":0,"112":0},"f":{"0":1,"1":14,"2":0,"3":2,"4":2,"5":6,"6":2,"7":2,"8":2,"9":1,"10":1,"11":0,"12":0,"13":0,"14":1,"15":1,"16":3,"17":27,"18":96,"19":60,"20":1,"21":3,"22":11,"23":7,"24":0,"25":0,"26":26,"27":2,"28":12,"29":33,"30":0,"31":0,"32":0,"33":0,"34":0,"35":0},"b":{"0":[0,0],"1":[50,0],"2":[27,23],"3":[27,0],"4":[27,0],"5":[6,0],"6":[3,3],"7":[3,0],"8":[3,0],"9":[0,12],"10":[0,0]},"_coverageSchema":"43e27e138ebf9cfc5966b082cf9a028302ed4184","hash":"996f8db7a6dcfa7e5867aea6c1256859d7157468"},"/Users/henry/git/equinor/mad-project-ergonomics-web/src/store/challenges/actions.js":{"path":"/Users/henry/git/equinor/mad-project-ergonomics-web/src/store/challenges/actions.js","statementMap":{"0":{"start":{"line":5,"column":33},"end":{"line":5,"column":67}},"1":{"start":{"line":6,"column":38},"end":{"line":6,"column":91}},"2":{"start":{"line":7,"column":42},"end":{"line":7,"column":88}},"3":{"start":{"line":8,"column":39},"end":{"line":8,"column":80}},"4":{"start":{"line":10,"column":31},"end":{"line":10,"column":61}},"5":{"start":{"line":11,"column":40},"end":{"line":11,"column":80}},"6":{"start":{"line":12,"column":40},"end":{"line":12,"column":80}},"7":{"start":{"line":13,"column":37},"end":{"line":13,"column":74}},"8":{"start":{"line":15,"column":31},"end":{"line":15,"column":74}},"9":{"start":{"line":16,"column":33},"end":{"line":16,"column":68}},"10":{"start":{"line":18,"column":31},"end":{"line":18,"column":67}},"11":{"start":{"line":19,"column":40},"end":{"line":19,"column":84}},"12":{"start":{"line":20,"column":40},"end":{"line":20,"column":84}},"13":{"start":{"line":21,"column":37},"end":{"line":21,"column":78}},"14":{"start":{"line":23,"column":31},"end":{"line":23,"column":63}},"15":{"start":{"line":24,"column":40},"end":{"line":24,"column":82}},"16":{"start":{"line":25,"column":40},"end":{"line":25,"column":82}},"17":{"start":{"line":26,"column":37},"end":{"line":26,"column":76}},"18":{"start":{"line":28,"column":33},"end":{"line":28,"column":70}},"19":{"start":{"line":29,"column":42},"end":{"line":29,"column":89}},"20":{"start":{"line":30,"column":42},"end":{"line":30,"column":89}},"21":{"start":{"line":31,"column":39},"end":{"line":31,"column":83}},"22":{"start":{"line":34,"column":36},"end":{"line":34,"column":67}},"23":{"start":{"line":35,"column":45},"end":{"line":35,"column":91}},"24":{"start":{"line":36,"column":45},"end":{"line":36,"column":91}},"25":{"start":{"line":37,"column":42},"end":{"line":37,"column":85}}},"fnMap":{},"branchMap":{},"s":{"0":1,"1":1,"2":1,"3":1,"4":1,"5":1,"6":1,"7":1,"8":1,"9":1,"10":1,"11":1,"12":1,"13":1,"14":1,"15":1,"16":1,"17":1,"18":1,"19":1,"20":1,"21":1,"22":1,"23":1,"24":1,"25":1},"f":{},"b":{},"_coverageSchema":"43e27e138ebf9cfc5966b082cf9a028302ed4184","hash":"04d05ccbd4b1a5c1cf62ae1bbff3b2a948c42e3c"},"/Users/henry/git/equinor/mad-project-ergonomics-web/src/store/challenges/reducer.js":{"path":"/Users/henry/git/equinor/mad-project-ergonomics-web/src/store/challenges/reducer.js","statementMap":{"0":{"start":{"line":9,"column":50},"end":{"line":12,"column":5}},"1":{"start":{"line":14,"column":36},"end":{"line":14,"column":92}},"2":{"start":{"line":14,"column":71},"end":{"line":14,"column":91}},"3":{"start":{"line":16,"column":25},"end":{"line":21,"column":25}},"4":{"start":{"line":17,"column":8},"end":{"line":19,"column":9}},"5":{"start":{"line":18,"column":10},"end":{"line":18,"column":52}},"6":{"start":{"line":20,"column":8},"end":{"line":20,"column":25}},"7":{"start":{"line":22,"column":6},"end":{"line":26,"column":9}},"8":{"start":{"line":28,"column":47},"end":{"line":31,"column":5}},"9":{"start":{"line":33,"column":48},"end":{"line":33,"column":62}},"10":{"start":{"line":34,"column":26},"end":{"line":34,"column":42}},"11":{"start":{"line":37,"column":8},"end":{"line":37,"column":78}},"12":{"start":{"line":37,"column":49},"end":{"line":37,"column":77}},"13":{"start":{"line":39,"column":6},"end":{"line":42,"column":8}},"14":{"start":{"line":44,"column":6},"end":{"line":44,"column":27}},"15":{"start":{"line":47,"column":48},"end":{"line":47,"column":62}},"16":{"start":{"line":48,"column":26},"end":{"line":48,"column":42}},"17":{"start":{"line":51,"column":8},"end":{"line":51,"column":78}},"18":{"start":{"line":51,"column":49},"end":{"line":51,"column":77}},"19":{"start":{"line":53,"column":6},"end":{"line":56,"column":8}},"20":{"start":{"line":58,"column":6},"end":{"line":58,"column":27}},"21":{"start":{"line":62,"column":28},"end":{"line":65,"column":9}},"22":{"start":{"line":62,"column":63},"end":{"line":65,"column":7}},"23":{"start":{"line":66,"column":6},"end":{"line":70,"column":9}},"24":{"start":{"line":74,"column":28},"end":{"line":77,"column":9}},"25":{"start":{"line":74,"column":63},"end":{"line":77,"column":7}},"26":{"start":{"line":78,"column":6},"end":{"line":82,"column":9}},"27":{"start":{"line":85,"column":37},"end":{"line":85,"column":51}},"28":{"start":{"line":86,"column":25},"end":{"line":86,"column":72}},"29":{"start":{"line":88,"column":6},"end":{"line":91,"column":9}},"30":{"start":{"line":97,"column":29},"end":{"line":97,"column":76}},"31":{"start":{"line":97,"column":38},"end":{"line":97,"column":76}},"32":{"start":{"line":99,"column":39},"end":{"line":99,"column":86}},"33":{"start":{"line":99,"column":48},"end":{"line":99,"column":86}},"34":{"start":{"line":101,"column":36},"end":{"line":102,"column":42}},"35":{"start":{"line":101,"column":45},"end":{"line":102,"column":42}},"36":{"start":{"line":102,"column":21},"end":{"line":102,"column":41}},"37":{"start":{"line":104,"column":42},"end":{"line":104,"column":129}},"38":{"start":{"line":104,"column":51},"end":{"line":104,"column":129}},"39":{"start":{"line":104,"column":108},"end":{"line":104,"column":128}}},"fnMap":{"0":{"name":"(anonymous_0)","decl":{"start":{"line":9,"column":40},"end":{"line":9,"column":41}},"loc":{"start":{"line":9,"column":50},"end":{"line":12,"column":5}},"line":9},"1":{"name":"(anonymous_1)","decl":{"start":{"line":13,"column":40},"end":{"line":13,"column":41}},"loc":{"start":{"line":13,"column":59},"end":{"line":27,"column":5}},"line":13},"2":{"name":"(anonymous_2)","decl":{"start":{"line":14,"column":58},"end":{"line":14,"column":59}},"loc":{"start":{"line":14,"column":71},"end":{"line":14,"column":91}},"line":14},"3":{"name":"(anonymous_3)","decl":{"start":{"line":16,"column":68},"end":{"line":16,"column":69}},"loc":{"start":{"line":16,"column":81},"end":{"line":21,"column":7}},"line":16},"4":{"name":"(anonymous_4)","decl":{"start":{"line":28,"column":37},"end":{"line":28,"column":38}},"loc":{"start":{"line":28,"column":47},"end":{"line":31,"column":5}},"line":28},"5":{"name":"(anonymous_5)","decl":{"start":{"line":32,"column":33},"end":{"line":32,"column":34}},"loc":{"start":{"line":32,"column":52},"end":{"line":45,"column":5}},"line":32},"6":{"name":"(anonymous_6)","decl":{"start":{"line":37,"column":36},"end":{"line":37,"column":37}},"loc":{"start":{"line":37,"column":49},"end":{"line":37,"column":77}},"line":37},"7":{"name":"(anonymous_7)","decl":{"start":{"line":46,"column":42},"end":{"line":46,"column":43}},"loc":{"start":{"line":46,"column":61},"end":{"line":59,"column":5}},"line":46},"8":{"name":"(anonymous_8)","decl":{"start":{"line":51,"column":36},"end":{"line":51,"column":37}},"loc":{"start":{"line":51,"column":49},"end":{"line":51,"column":77}},"line":51},"9":{"name":"(anonymous_9)","decl":{"start":{"line":60,"column":31},"end":{"line":60,"column":32}},"loc":{"start":{"line":60,"column":50},"end":{"line":71,"column":5}},"line":60},"10":{"name":"(anonymous_10)","decl":{"start":{"line":62,"column":49},"end":{"line":62,"column":50}},"loc":{"start":{"line":62,"column":63},"end":{"line":65,"column":7}},"line":62},"11":{"name":"(anonymous_11)","decl":{"start":{"line":72,"column":33},"end":{"line":72,"column":34}},"loc":{"start":{"line":72,"column":44},"end":{"line":83,"column":5}},"line":72},"12":{"name":"(anonymous_12)","decl":{"start":{"line":74,"column":49},"end":{"line":74,"column":50}},"loc":{"start":{"line":74,"column":63},"end":{"line":77,"column":7}},"line":74},"13":{"name":"(anonymous_13)","decl":{"start":{"line":84,"column":38},"end":{"line":84,"column":39}},"loc":{"start":{"line":84,"column":57},"end":{"line":92,"column":5}},"line":84},"14":{"name":"(anonymous_14)","decl":{"start":{"line":97,"column":29},"end":{"line":97,"column":30}},"loc":{"start":{"line":97,"column":38},"end":{"line":97,"column":76}},"line":97},"15":{"name":"(anonymous_15)","decl":{"start":{"line":99,"column":39},"end":{"line":99,"column":40}},"loc":{"start":{"line":99,"column":48},"end":{"line":99,"column":86}},"line":99},"16":{"name":"(anonymous_16)","decl":{"start":{"line":101,"column":36},"end":{"line":101,"column":37}},"loc":{"start":{"line":101,"column":45},"end":{"line":102,"column":42}},"line":101},"17":{"name":"(anonymous_17)","decl":{"start":{"line":102,"column":8},"end":{"line":102,"column":9}},"loc":{"start":{"line":102,"column":21},"end":{"line":102,"column":41}},"line":102},"18":{"name":"(anonymous_18)","decl":{"start":{"line":104,"column":42},"end":{"line":104,"column":43}},"loc":{"start":{"line":104,"column":51},"end":{"line":104,"column":129}},"line":104},"19":{"name":"(anonymous_19)","decl":{"start":{"line":104,"column":95},"end":{"line":104,"column":96}},"loc":{"start":{"line":104,"column":108},"end":{"line":104,"column":128}},"line":104}},"branchMap":{"0":{"loc":{"start":{"line":16,"column":25},"end":{"line":21,"column":25}},"type":"cond-expr","locations":[{"start":{"line":16,"column":49},"end":{"line":21,"column":8}},{"start":{"line":21,"column":11},"end":{"line":21,"column":25}}],"line":16},"1":{"loc":{"start":{"line":17,"column":8},"end":{"line":19,"column":9}},"type":"if","locations":[{"start":{"line":17,"column":8},"end":{"line":19,"column":9}},{"start":{"line":17,"column":8},"end":{"line":19,"column":9}}],"line":17}},"s":{"0":2,"1":18,"2":66,"3":18,"4":132,"5":11,"6":121,"7":18,"8":1,"9":2,"10":2,"11":2,"12":2,"13":2,"14":2,"15":0,"16":0,"17":0,"18":0,"19":0,"20":0,"21":24,"22":288,"23":24,"24":0,"25":0,"26":0,"27":2,"28":2,"29":2,"30":1,"31":8,"32":1,"33":5,"34":1,"35":24,"36":156,"37":1,"38":0,"39":0},"f":{"0":2,"1":18,"2":66,"3":132,"4":1,"5":2,"6":2,"7":0,"8":0,"9":24,"10":288,"11":0,"12":0,"13":2,"14":8,"15":5,"16":24,"17":156,"18":0,"19":0},"b":{"0":[11,7],"1":[11,121]},"_coverageSchema":"43e27e138ebf9cfc5966b082cf9a028302ed4184","hash":"d1c77fb77e37b7ade8123a39990c697d2e50f415"}}}